#
# A fatal error has been detected by the Java Runtime Environment:
#
#  EXCEPTION_ACCESS_VIOLATION (0xc0000005) at pc=0x0000000062d80284, pid=476, tid=6592
#
# JRE version: Java(TM) SE Runtime Environment (7.0_51-b13) (build 1.7.0_51-b13)
# Java VM: Java HotSpot(TM) 64-Bit Server VM (24.51-b03 mixed mode windows-amd64 compressed oops)
# Problematic frame:
# C  [awt.dll+0x20284]
#
# Failed to write core dump. Minidumps are not enabled by default on client versions of Windows
#
# If you would like to submit a bug report, please visit:
#   http://bugreport.sun.com/bugreport/crash.jsp
# The crash happened outside the Java Virtual Machine in native code.
# See problematic frame for where to report the bug.
#

---------------  T H R E A D  ---------------

Current thread (0x000000000d850800):  JavaThread "AWT-EventQueue-0" [_thread_in_native, id=6592, stack(0x0000000011510000,0x0000000011610000)]

siginfo: ExceptionCode=0xc0000005, reading address 0x00000000000003fc

Registers:
RAX=0x00000000000000ff, RBX=0x000000000cc50001, RCX=0x00000000000000ff, RDX=0x0000000000000000
RSP=0x000000001160c8b0, RBP=0x0000000000000000, RSI=0x0000000000000048, RDI=0x0000000000000012
R8 =0x00000000ffffffff, R9 =0x00000000e1b3168c, R10=0x0000000000000047, R11=0x0000000000000000
R12=0x0000000000000000, R13=0x00000000ffffff55, R14=0x00000000fffffee4, R15=0x0000000000000000
RIP=0x0000000062d80284, EFLAGS=0x0000000000010207

Top of Stack: (sp=0x000000001160c8b0)
0x000000001160c8b0:   0000000062e9db58 0000000062d620df
0x000000001160c8c0:   000000000d8509e8 000000001160c9c0
0x000000001160c8d0:   000000000dc2c450 000000000d93fa40
0x000000001160c8e0:   000000001160c9c0 000000001160c920
0x000000001160c8f0:   0000000062e9db58 000000001160ca90
0x000000001160c900:   00000000000000ab 0000011c000000ab
0x000000001160c910:   0000012e000000f3 000000005cc5fde9
0x000000001160c920:   0000011c000000ab 0000012e000000f3
0x000000001160c930:   000000000cc4af75 0000000100000000
0x000000001160c940:   0000000000000048 0000000000000000
0x000000001160c950:   0000000000000000 0000000000000000
0x000000001160c960:   0000000000000000 0000000000000000
0x000000001160c970:   0000000000000000 0000000000000000
0x000000001160c980:   00000000e218af00 000000000000000a
0x000000001160c990:   000000000d850800 000000001160cac8
0x000000001160c9a0:   000000001160caf8 0000000000000000 

Instructions: (pc=0x0000000062d80284)
0x0000000062d80264:   00 00 6b c0 1d 6b c9 4d 03 d1 8d 84 02 80 00 00
0x0000000062d80274:   00 99 0f b6 d2 03 c2 c1 f8 08 41 ff ca 0f b6 c8
0x0000000062d80284:   41 0f b6 04 8c 88 43 ff 75 b2 4d 03 cb 48 03 dd
0x0000000062d80294:   ff cf 75 98 48 8b 5c 24 10 48 8b 6c 24 18 48 8b 


Register to memory mapping:

RAX=0x00000000000000ff is an unknown value
RBX=0x000000000cc50001 is an unknown value
RCX=0x00000000000000ff is an unknown value
RDX=0x0000000000000000 is an unknown value
RSP=0x000000001160c8b0 is pointing into the stack for thread: 0x000000000d850800
RBP=0x0000000000000000 is an unknown value
RSI=0x0000000000000048 is an unknown value
RDI=0x0000000000000012 is an unknown value
R8 =0x00000000ffffffff is an unallocated location in the heap
R9 =0x00000000e1b3168c is an unknown value
R10=0x0000000000000047 is an unknown value
R11=0x0000000000000000 is an unknown value
R12=0x0000000000000000 is an unknown value
R13=0x00000000ffffff55 is an unallocated location in the heap
R14=0x00000000fffffee4 is an unallocated location in the heap
R15=0x0000000000000000 is an unknown value


Stack: [0x0000000011510000,0x0000000011610000],  sp=0x000000001160c8b0,  free space=1010k
Native frames: (J=compiled Java code, j=interpreted, Vv=VM code, C=native code)
C  [awt.dll+0x20284]

[error occurred during error reporting (printing native stack), id 0xc0000005]

Java frames: (J=compiled Java code, j=interpreted, Vv=VM code)
j  sun.java2d.loops.Blit.Blit(Lsun/java2d/SurfaceData;Lsun/java2d/SurfaceData;Ljava/awt/Composite;Lsun/java2d/pipe/Region;IIIIII)V+0
j  sun.java2d.pipe.DrawImage.blitSurfaceData(Lsun/java2d/SunGraphics2D;Lsun/java2d/pipe/Region;Lsun/java2d/SurfaceData;Lsun/java2d/SurfaceData;Lsun/java2d/loops/SurfaceType;Lsun/java2d/loops/SurfaceType;IIIIIILjava/awt/Color;)V+97
j  sun.java2d.pipe.DrawImage.renderImageCopy(Lsun/java2d/SunGraphics2D;Ljava/awt/Image;Ljava/awt/Color;IIIIII)Z+77
j  sun.java2d.pipe.DrawImage.copyImage(Lsun/java2d/SunGraphics2D;Ljava/awt/Image;IILjava/awt/Color;)Z+45
j  sun.java2d.pipe.DrawImage.copyImage(Lsun/java2d/SunGraphics2D;Ljava/awt/Image;IILjava/awt/Color;Ljava/awt/image/ImageObserver;)Z+15
j  sun.java2d.pipe.ValidatePipe.copyImage(Lsun/java2d/SunGraphics2D;Ljava/awt/Image;IILjava/awt/Color;Ljava/awt/image/ImageObserver;)Z+21
j  sun.java2d.SunGraphics2D.drawImage(Ljava/awt/Image;IILjava/awt/Color;Ljava/awt/image/ImageObserver;)Z+65
j  sun.java2d.SunGraphics2D.drawImage(Ljava/awt/Image;IILjava/awt/image/ImageObserver;)Z+7
j  javax.swing.RepaintManager$PaintManager.paintDoubleBuffered(Ljavax/swing/JComponent;Ljava/awt/Image;Ljava/awt/Graphics;IIII)V+242
j  javax.swing.RepaintManager$PaintManager.paint(Ljavax/swing/JComponent;Ljavax/swing/JComponent;Ljava/awt/Graphics;IIII)Z+116
j  javax.swing.RepaintManager.paint(Ljavax/swing/JComponent;Ljavax/swing/JComponent;Ljava/awt/Graphics;IIII)V+52
j  javax.swing.JComponent._paintImmediately(IIII)V+683
j  javax.swing.JComponent.paintImmediately(IIII)V+138
j  javax.swing.RepaintManager$3.run()Ljava/lang/Void;+75
j  javax.swing.RepaintManager$3.run()Ljava/lang/Object;+1
v  ~StubRoutines::call_stub
j  java.security.AccessController.doPrivileged(Ljava/security/PrivilegedAction;Ljava/security/AccessControlContext;)Ljava/lang/Object;+0
j  java.security.ProtectionDomain$1.doIntersectionPrivilege(Ljava/security/PrivilegedAction;Ljava/security/AccessControlContext;Ljava/security/AccessControlContext;)Ljava/lang/Object;+28
j  javax.swing.RepaintManager.paintDirtyRegions(Ljava/util/Map;)V+154
j  javax.swing.RepaintManager.paintDirtyRegions()V+46
j  javax.swing.RepaintManager.prePaintDirtyRegions()V+73
j  javax.swing.RepaintManager.access$1100(Ljavax/swing/RepaintManager;)V+1
j  javax.swing.RepaintManager$ProcessingRunnable.run()V+37
j  java.awt.event.InvocationEvent.dispatch()V+47
j  java.awt.EventQueue.dispatchEventImpl(Ljava/awt/AWTEvent;Ljava/lang/Object;)V+21
j  java.awt.EventQueue.access$200(Ljava/awt/EventQueue;Ljava/awt/AWTEvent;Ljava/lang/Object;)V+3
j  java.awt.EventQueue$3.run()Ljava/lang/Void;+12
j  java.awt.EventQueue$3.run()Ljava/lang/Object;+1
v  ~StubRoutines::call_stub
j  java.security.AccessController.doPrivileged(Ljava/security/PrivilegedAction;Ljava/security/AccessControlContext;)Ljava/lang/Object;+0
j  java.security.ProtectionDomain$1.doIntersectionPrivilege(Ljava/security/PrivilegedAction;Ljava/security/AccessControlContext;Ljava/security/AccessControlContext;)Ljava/lang/Object;+28
j  java.awt.EventQueue.dispatchEvent(Ljava/awt/AWTEvent;)V+46
j  java.awt.EventDispatchThread.pumpOneEventForFilters(I)V+245
j  java.awt.EventDispatchThread.pumpEventsForFilter(ILjava/awt/Conditional;Ljava/awt/EventFilter;)V+35
j  java.awt.EventDispatchThread.pumpEventsForHierarchy(ILjava/awt/Conditional;Ljava/awt/Component;)V+11
j  java.awt.EventDispatchThread.pumpEvents(ILjava/awt/Conditional;)V+4
j  java.awt.EventDispatchThread.pumpEvents(Ljava/awt/Conditional;)V+3
j  java.awt.EventDispatchThread.run()V+9
v  ~StubRoutines::call_stub

---------------  P R O C E S S  ---------------

Java Threads: ( => current thread )
  0x000000000b1b7800 JavaThread "TimerQueue" daemon [_thread_blocked, id=6100, stack(0x000000000f780000,0x000000000f880000)]
=>0x000000000d850800 JavaThread "AWT-EventQueue-0" [_thread_in_native, id=6592, stack(0x0000000011510000,0x0000000011610000)]
  0x000000000b1b7000 JavaThread "DestroyJavaVM" [_thread_blocked, id=7460, stack(0x00000000025d0000,0x00000000026d0000)]
  0x000000000b1b6000 JavaThread "monitor-Main-Container" [_thread_blocked, id=6068, stack(0x000000000efa0000,0x000000000f0a0000)]
  0x000000000b1b5800 JavaThread "rma" [_thread_blocked, id=4696, stack(0x000000000f650000,0x000000000f750000)]
  0x000000000b1b4800 JavaThread "MonitoringAgent" [_thread_blocked, id=7732, stack(0x000000000f430000,0x000000000f530000)]
  0x000000000b1b4000 JavaThread "Grid" [_thread_blocked, id=7628, stack(0x000000000ec20000,0x000000000ed20000)]
  0x000000000b1b3000 JavaThread "df" [_thread_blocked, id=6232, stack(0x000000000f2a0000,0x000000000f3a0000)]
  0x000000000b1b2800 JavaThread "ams" [_thread_blocked, id=472, stack(0x000000000f0b0000,0x000000000f1b0000)]
  0x000000000b1b1800 JavaThread "Thread-11" [_thread_in_native, id=6920, stack(0x000000000ee00000,0x000000000ef00000)]
  0x000000000b1b1000 JavaThread "Deliverer-4" [_thread_blocked, id=1304, stack(0x000000000eb00000,0x000000000ec00000)]
  0x000000000b1b0000 JavaThread "Deliverer-3" [_thread_blocked, id=4156, stack(0x000000000e980000,0x000000000ea80000)]
  0x000000000b1af800 JavaThread "Deliverer-2" [_thread_blocked, id=4128, stack(0x000000000e770000,0x000000000e870000)]
  0x000000000b1ae800 JavaThread "Deliverer-1" [_thread_blocked, id=6868, stack(0x000000000e100000,0x000000000e200000)]
  0x000000000b1ae000 JavaThread "Deliverer-0" [_thread_blocked, id=7660, stack(0x000000000e5a0000,0x000000000e6a0000)]
  0x000000000b1ad000 JavaThread "AWT-Windows" daemon [_thread_in_native, id=4256, stack(0x000000000e380000,0x000000000e480000)]
  0x000000000b1ac800 JavaThread "AWT-Shutdown" [_thread_blocked, id=7760, stack(0x000000000e250000,0x000000000e350000)]
  0x000000000b1ab800 JavaThread "Java2D Disposer" daemon [_thread_blocked, id=3464, stack(0x000000000dfe0000,0x000000000e0e0000)]
  0x000000000b1ab000 JavaThread "Thread-4" [_thread_in_native, id=6296, stack(0x000000000d620000,0x000000000d720000)]
  0x000000000b1aa000 JavaThread "Thread-3" [_thread_blocked, id=4196, stack(0x000000000d050000,0x000000000d150000)]
  0x000000000b1a9800 JavaThread "JICPServer-1099" daemon [_thread_in_native, id=4772, stack(0x000000000d440000,0x000000000d540000)]
  0x000000000b1a8800 JavaThread "JADE Timer dispatcher" [_thread_blocked, id=8112, stack(0x000000000d2f0000,0x000000000d3f0000)]
  0x000000000b042000 JavaThread "Service Thread" daemon [_thread_blocked, id=4324, stack(0x000000000ca90000,0x000000000cb90000)]
  0x0000000009f8a000 JavaThread "C2 CompilerThread1" daemon [_thread_blocked, id=7192, stack(0x000000000c2e0000,0x000000000c3e0000)]
  0x0000000009f85800 JavaThread "C2 CompilerThread0" daemon [_thread_blocked, id=8012, stack(0x000000000c7b0000,0x000000000c8b0000)]
  0x0000000009f83000 JavaThread "Attach Listener" daemon [_thread_blocked, id=6484, stack(0x000000000c620000,0x000000000c720000)]
  0x0000000009f82000 JavaThread "Signal Dispatcher" daemon [_thread_blocked, id=8020, stack(0x000000000c430000,0x000000000c530000)]
  0x000000000246d000 JavaThread "Finalizer" daemon [_thread_blocked, id=7672, stack(0x000000000c0c0000,0x000000000c1c0000)]
  0x0000000009f70800 JavaThread "Reference Handler" daemon [_thread_blocked, id=5824, stack(0x000000000c1c0000,0x000000000c2c0000)]

Other Threads:
  0x0000000009f6d000 VMThread [stack: 0x000000000bf60000,0x000000000c060000] [id=8004]
  0x000000000b04b000 WatcherThread [stack: 0x000000000cc80000,0x000000000cd80000] [id=7608]

VM state:not at safepoint (normal execution)

VM Mutex/Monitor currently owned by a thread: None

Heap
 PSYoungGen      total 28672K, used 24312K [0x00000000e0700000, 0x00000000e2680000, 0x0000000100000000)
  eden space 25088K, 82% used [0x00000000e0700000,0x00000000e1b42610,0x00000000e1f80000)
  from space 3584K, 99% used [0x00000000e1f80000,0x00000000e22fbd18,0x00000000e2300000)
  to   space 3584K, 0% used [0x00000000e2300000,0x00000000e2300000,0x00000000e2680000)
 ParOldGen       total 64512K, used 1608K [0x00000000a1600000, 0x00000000a5500000, 0x00000000e0700000)
  object space 64512K, 2% used [0x00000000a1600000,0x00000000a17922d0,0x00000000a5500000)
 PSPermGen       total 21504K, used 17344K [0x000000009c400000, 0x000000009d900000, 0x00000000a1600000)
  object space 21504K, 80% used [0x000000009c400000,0x000000009d4f0118,0x000000009d900000)

Card table byte_map: [0x00000000057b0000,0x0000000005ad0000] byte_map_base: 0x00000000052ce000

Polling page: 0x0000000000130000

Code Cache  [0x00000000027b0000, 0x0000000002a20000, 0x00000000057b0000)
 total_blobs=597 nmethods=138 adapters=411 free_code_cache=48340Kb largest_free_block=49475200

Compilation events (10 events):
Event: 32.443 Thread 0x0000000009f85800  138             java.util.concurrent.locks.ReentrantLock::unlock (10 bytes)
Event: 32.452 Thread 0x0000000009f85800 nmethod 138 0x000000000283d650 code [0x000000000283d7a0, 0x000000000283d928]
Event: 33.847 Thread 0x0000000009f8a000  139             java.util.logging.Level::intValue (5 bytes)
Event: 33.847 Thread 0x0000000009f85800  140             java.lang.StringBuilder::<init> (7 bytes)
Event: 33.847 Thread 0x0000000009f8a000 nmethod 139 0x000000000283d450 code [0x000000000283d580, 0x000000000283d5d8]
Event: 33.849 Thread 0x0000000009f85800 nmethod 140 0x0000000002818090 code [0x00000000028181e0, 0x00000000028182d8]
Event: 33.853 Thread 0x0000000009f8a000  141             java.util.logging.Logger::isLoggable (25 bytes)
Event: 33.854 Thread 0x0000000009f8a000 nmethod 141 0x0000000002817e10 code [0x0000000002817f40, 0x0000000002817fb8]
Event: 38.518 Thread 0x0000000009f85800  143             sun.java2d.loops.SurfaceType::getUniqueID (5 bytes)
Event: 38.519 Thread 0x0000000009f85800 nmethod 143 0x000000000283d190 code [0x000000000283d2c0, 0x000000000283d318]

GC Heap History (2 events):
Event: 4.097 GC heap before
{Heap before GC invocations=1 (full 0):
 PSYoungGen      total 28672K, used 25088K [0x00000000e0700000, 0x00000000e2680000, 0x0000000100000000)
  eden space 25088K, 100% used [0x00000000e0700000,0x00000000e1f80000,0x00000000e1f80000)
  from space 3584K, 0% used [0x00000000e2300000,0x00000000e2300000,0x00000000e2680000)
  to   space 3584K, 0% used [0x00000000e1f80000,0x00000000e1f80000,0x00000000e2300000)
 ParOldGen       total 64512K, used 0K [0x00000000a1600000, 0x00000000a5500000, 0x00000000e0700000)
  object space 64512K, 0% used [0x00000000a1600000,0x00000000a1600000,0x00000000a5500000)
 PSPermGen       total 21504K, used 15996K [0x000000009c400000, 0x000000009d900000, 0x00000000a1600000)
  object space 21504K, 74% used [0x000000009c400000,0x000000009d39f290,0x000000009d900000)
Event: 4.123 GC heap after
Heap after GC invocations=1 (full 0):
 PSYoungGen      total 28672K, used 3567K [0x00000000e0700000, 0x00000000e2680000, 0x0000000100000000)
  eden space 25088K, 0% used [0x00000000e0700000,0x00000000e0700000,0x00000000e1f80000)
  from space 3584K, 99% used [0x00000000e1f80000,0x00000000e22fbd18,0x00000000e2300000)
  to   space 3584K, 0% used [0x00000000e2300000,0x00000000e2300000,0x00000000e2680000)
 ParOldGen       total 64512K, used 1608K [0x00000000a1600000, 0x00000000a5500000, 0x00000000e0700000)
  object space 64512K, 2% used [0x00000000a1600000,0x00000000a17922d0,0x00000000a5500000)
 PSPermGen       total 21504K, used 15996K [0x000000009c400000, 0x000000009d900000, 0x00000000a1600000)
  object space 21504K, 74% used [0x000000009c400000,0x000000009d39f290,0x000000009d900000)
}

Deoptimization events (10 events):
Event: 3.001 Thread 0x000000000b1b5800 Uncommon trap: reason=unreached action=reinterpret pc=0x0000000002831db4 method=java.lang.AbstractStringBuilder.append(Ljava/lang/String;)Ljava/lang/AbstractStringBuilder; @ 1
Event: 3.002 Thread 0x000000000b1b5800 Uncommon trap: reason=unreached action=reinterpret pc=0x00000000028297b4 method=java.lang.AbstractStringBuilder.append(Ljava/lang/String;)Ljava/lang/AbstractStringBuilder; @ 1
Event: 3.493 Thread 0x000000000b1b5800 Uncommon trap: reason=class_check action=maybe_recompile pc=0x000000000281814c method=java.lang.String.equals(Ljava/lang/Object;)Z @ 8
Event: 3.498 Thread 0x000000000b1b5800 Uncommon trap: reason=class_check action=maybe_recompile pc=0x000000000281814c method=java.lang.String.equals(Ljava/lang/Object;)Z @ 8
Event: 3.498 Thread 0x000000000b1b5800 Uncommon trap: reason=class_check action=maybe_recompile pc=0x000000000281814c method=java.lang.String.equals(Ljava/lang/Object;)Z @ 8
Event: 3.498 Thread 0x000000000b1b5800 Uncommon trap: reason=class_check action=maybe_recompile pc=0x000000000281814c method=java.lang.String.equals(Ljava/lang/Object;)Z @ 8
Event: 4.714 Thread 0x000000000b1b5800 Uncommon trap: reason=unloaded action=reinterpret pc=0x000000000282fe38 method=java.lang.CharacterData.of(I)Ljava/lang/CharacterData; @ 96
Event: 5.080 Thread 0x000000000d851800 Uncommon trap: reason=unreached action=reinterpret pc=0x0000000002859ce4 method=java.lang.ThreadLocal.get()Ljava/lang/Object; @ 11
Event: 5.117 Thread 0x000000000d851800 Uncommon trap: reason=unreached action=reinterpret pc=0x00000000028598ec method=java.lang.ThreadLocal$ThreadLocalMap.getEntry(Ljava/lang/ThreadLocal;)Ljava/lang/ThreadLocal$ThreadLocalMap$Entry; @ 21
Event: 5.511 Thread 0x000000000b1b5800 Uncommon trap: reason=unreached action=reinterpret pc=0x0000000002859568 method=java.lang.ThreadLocal$ThreadLocalMap.getEntry(Ljava/lang/ThreadLocal;)Ljava/lang/ThreadLocal$ThreadLocalMap$Entry; @ 21

Internal exceptions (10 events):
Event: 5.607 Thread 0x000000000b1b5800 Threw 0x00000000e190ee20 at C:\re\jdk7u51\527\hotspot\src\share\vm\interpreter\interpreterRuntime.cpp:347
Event: 5.621 Thread 0x000000000b1b5800 Threw 0x00000000e1931fd0 at C:\re\jdk7u51\527\hotspot\src\share\vm\interpreter\interpreterRuntime.cpp:347
Event: 5.621 Thread 0x000000000b1b5800 Threw 0x00000000e19323b0 at C:\re\jdk7u51\527\hotspot\src\share\vm\interpreter\interpreterRuntime.cpp:347
Event: 5.626 Thread 0x000000000b1b5800 Threw 0x00000000e1940840 at C:\re\jdk7u51\527\hotspot\src\share\vm\prims\jvm.cpp:1244
Event: 23.830 Thread 0x000000000b1b7800 Threw 0x00000000e198eb18 at C:\re\jdk7u51\527\hotspot\src\share\vm\prims\jni.cpp:743
Event: 33.832 Thread 0x000000000b1b4800 Threw 0x00000000e19cf4c0 at C:\re\jdk7u51\527\hotspot\src\share\vm\prims\jvm.cpp:1244
Event: 33.835 Thread 0x000000000b1b4800 Threw 0x00000000e19e23a8 at C:\re\jdk7u51\527\hotspot\src\share\vm\prims\jvm.cpp:1244
Event: 33.839 Thread 0x000000000b1b4800 Threw 0x00000000e19e8380 at C:\re\jdk7u51\527\hotspot\src\share\vm\prims\jvm.cpp:1244
Event: 33.846 Thread 0x000000000b1b3000 Threw 0x00000000e1ac2010 at C:\re\jdk7u51\527\hotspot\src\share\vm\interpreter\interpreterRuntime.cpp:347
Event: 33.849 Thread 0x000000000b1b3000 Threw 0x00000000e1ac9450 at C:\re\jdk7u51\527\hotspot\src\share\vm\prims\jvm.cpp:1244

Events (10 events):
Event: 37.677 loading class 0x000000000d78cd40
Event: 37.678 loading class 0x000000000d78cd40 done
Event: 38.514 Executing VM operation: RevokeBias
Event: 38.514 Executing VM operation: RevokeBias done
Event: 38.515 loading class 0x0000000009dc2bb0
Event: 38.515 loading class 0x0000000009dc2bb0 done
Event: 38.515 loading class 0x0000000009dc2b80
Event: 38.516 loading class 0x0000000009dc2be0
Event: 38.516 loading class 0x0000000009dc2be0 done
Event: 38.516 loading class 0x0000000009dc2b80 done


Dynamic libraries:
0x000000013f030000 - 0x000000013f063000 	C:\Program Files\Java\jre7\bin\javaw.exe
0x0000000076ea0000 - 0x0000000077049000 	C:\Windows\SYSTEM32\ntdll.dll
0x0000000076d80000 - 0x0000000076e9f000 	C:\Windows\system32\kernel32.dll
0x000007fefcd70000 - 0x000007fefcddc000 	C:\Windows\system32\KERNELBASE.dll
0x000007feff0d0000 - 0x000007feff1ab000 	C:\Windows\system32\ADVAPI32.dll
0x000007fefd2d0000 - 0x000007fefd36f000 	C:\Windows\system32\msvcrt.dll
0x000007fefee60000 - 0x000007fefee7f000 	C:\Windows\SYSTEM32\sechost.dll
0x000007fefebd0000 - 0x000007fefecfd000 	C:\Windows\system32\RPCRT4.dll
0x0000000076c80000 - 0x0000000076d7a000 	C:\Windows\system32\USER32.dll
0x000007fefeb60000 - 0x000007fefebc7000 	C:\Windows\system32\GDI32.dll
0x000007fefd370000 - 0x000007fefd37e000 	C:\Windows\system32\LPK.dll
0x000007fefe410000 - 0x000007fefe4d9000 	C:\Windows\system32\USP10.dll
0x000007fefb650000 - 0x000007fefb844000 	C:\Windows\WinSxS\amd64_microsoft.windows.common-controls_6595b64144ccf1df_6.0.7601.17514_none_fa396087175ac9ac\COMCTL32.dll
0x000007fefea00000 - 0x000007fefea71000 	C:\Windows\system32\SHLWAPI.dll
0x000007fefe4e0000 - 0x000007fefe50e000 	C:\Windows\system32\IMM32.DLL
0x000007fefd120000 - 0x000007fefd229000 	C:\Windows\system32\MSCTF.dll
0x000007fefcc00000 - 0x000007fefcc3c000 	C:\Windows\system32\nvinitx.dll
0x0000000073db0000 - 0x0000000073e82000 	C:\Program Files\Java\jre7\bin\msvcr100.dll
0x000000005cbb0000 - 0x000000005d379000 	C:\Program Files\Java\jre7\bin\server\jvm.dll
0x000007fef74a0000 - 0x000007fef74a9000 	C:\Windows\system32\WSOCK32.dll
0x000007fefe110000 - 0x000007fefe15d000 	C:\Windows\system32\WS2_32.dll
0x000007fefd110000 - 0x000007fefd118000 	C:\Windows\system32\NSI.dll
0x000007fefad60000 - 0x000007fefad9b000 	C:\Windows\system32\WINMM.dll
0x0000000077060000 - 0x0000000077067000 	C:\Windows\system32\PSAPI.DLL
0x00000000740e0000 - 0x00000000740ef000 	C:\Program Files\Java\jre7\bin\verify.dll
0x0000000073f40000 - 0x0000000073f68000 	C:\Program Files\Java\jre7\bin\java.dll
0x0000000073f20000 - 0x0000000073f35000 	C:\Program Files\Java\jre7\bin\zip.dll
0x0000000073f00000 - 0x0000000073f19000 	C:\Program Files\Java\jre7\bin\net.dll
0x000007fefc470000 - 0x000007fefc4c5000 	C:\Windows\system32\mswsock.dll
0x000007fefc460000 - 0x000007fefc467000 	C:\Windows\System32\wship6.dll
0x000007fefac90000 - 0x000007fefacb7000 	C:\Windows\system32\IPHLPAPI.DLL
0x000007fefac70000 - 0x000007fefac7b000 	C:\Windows\system32\WINNSI.DLL
0x000007fefab60000 - 0x000007fefab71000 	C:\Windows\system32\dhcpcsvc6.DLL
0x000007fefab00000 - 0x000007fefab18000 	C:\Windows\system32\dhcpcsvc.DLL
0x0000000073ee0000 - 0x0000000073ef1000 	C:\Program Files\Java\jre7\bin\nio.dll
0x000007fefbde0000 - 0x000007fefbde7000 	C:\Windows\System32\wshtcpip.dll
0x0000000062d60000 - 0x0000000062ef5000 	C:\Program Files\Java\jre7\bin\awt.dll
0x000007fefea80000 - 0x000007fefeb57000 	C:\Windows\system32\OLEAUT32.dll
0x000007fefe510000 - 0x000007fefe713000 	C:\Windows\system32\ole32.dll
0x000007fefa700000 - 0x000007fefa718000 	C:\Windows\system32\DWMAPI.DLL
0x000007fefb230000 - 0x000007fefb286000 	C:\Windows\system32\uxtheme.dll
0x000007fefcb30000 - 0x000007fefcb3f000 	C:\Windows\system32\CRYPTBASE.dll
0x000007fefb0f0000 - 0x000007fefb105000 	C:\Windows\system32\NLAapi.dll
0x000007fef6830000 - 0x000007fef6845000 	C:\Windows\system32\napinsp.dll
0x000007fef6850000 - 0x000007fef6869000 	C:\Windows\system32\pnrpnsp.dll
0x000007fefc2f0000 - 0x000007fefc34b000 	C:\Windows\system32\DNSAPI.dll
0x000007fef5ca0000 - 0x000007fef5cab000 	C:\Windows\System32\winrnr.dll
0x000007fef5c90000 - 0x000007fef5ca0000 	C:\Windows\system32\wshbth.dll
0x000007fef76e0000 - 0x000007fef770f000 	C:\Program Files\Common Files\Microsoft Shared\Windows Live\WLIDNSP.DLL
0x000007fef7470000 - 0x000007fef7478000 	C:\Windows\system32\rasadhlp.dll
0x000007fefaaa0000 - 0x000007fefaaf3000 	C:\Windows\System32\fwpuclnt.dll
0x000007fefd380000 - 0x000007fefe108000 	C:\Windows\system32\SHELL32.dll
0x0000000071140000 - 0x0000000071187000 	C:\Program Files\Java\jre7\bin\fontmanager.dll
0x000007fefd230000 - 0x000007fefd2c9000 	C:\Windows\system32\CLBCatQ.DLL
0x000007fef9e80000 - 0x000007fef9fe1000 	C:\Windows\system32\WindowsCodecs.dll
0x000007fefcad0000 - 0x000007fefcb27000 	C:\Windows\system32\apphelp.dll
0x000000006c420000 - 0x000000006c436000 	C:\Program Files\Common Files\TortoiseOverlays\TortoiseOverlays.dll
0x0000000180000000 - 0x000000018007b000 	C:\Program Files\TortoiseHg\ThgShellx64.dll
0x000007fef9b60000 - 0x000007fef9e77000 	C:\Windows\system32\msi.dll
0x0000000002540000 - 0x000000000257b000 	C:\Program Files (x86)\ASUS\ASUS WebStorage\3.0.84.161\ASUSWSShellExt64.dll
0x000007fef6700000 - 0x000007fef672b000 	C:\Users\Tommy\AppData\Roaming\Dropbox\bin\DropboxExt64.22.dll
0x000007fef65d0000 - 0x000007fef66f5000 	C:\Windows\system32\dbghelp.dll
0x000000006cfe0000 - 0x000000006d0b3000 	C:\Windows\WinSxS\amd64_microsoft.vc90.crt_1fc8b3b9a1e18e3b_9.0.30729.6161_none_08e61857a83bc251\MSVCP90.dll
0x000000006cf30000 - 0x000000006cfd3000 	C:\Windows\WinSxS\amd64_microsoft.vc90.crt_1fc8b3b9a1e18e3b_9.0.30729.6161_none_08e61857a83bc251\MSVCR90.dll
0x0000000073530000 - 0x0000000073571000 	C:\Program Files\Java\jre7\bin\t2k.dll
0x00000000733d0000 - 0x0000000073400000 	C:\Program Files\Java\jre7\bin\jpeg.dll

VM Arguments:
jvm_args: -Dfile.encoding=Cp1252 
java_command: grid_server.GridServer
Launcher Type: SUN_STANDARD

Environment Variables:
JAVA_HOME=C:\Program Files\Java\jdk1.7.0_51\jre\bin\java.exe
CLASSPATH=.;C:\Program Files (x86)\Java\jre7\lib\ext\QTJava.zip
PATH=c:\devkitPro\msys\bin;C:\Program Files\Common Files\Microsoft Shared\Windows Live;C:\Program Files (x86)\Common Files\Microsoft Shared\Windows Live;C:\Program Files (x86)\leJOS NXJ\bin;C:\Program Files (x86)\Java\jdk1.7.0_02/bin;C:\Program Files (x86)\leJOS NXJ/bin;C:\Program Files (x86)\IVI Foundation\VISA\WinNT\Bin;C:\Program Files (x86)\Windows Live\Shared;C:\VXIPNP\WinNT\Bin;C:\Program Files (x86)\QuickTime\QTSystem\;C:\Program Files (x86)\Pico Technology\PicoScope6\;C:\Program Files (x86)\HI-TECH Software\PICC\9.83\bin;C:\Users\Tommy\Desktop\Computer Architectuur\ARMDevEnv\bin;C:\Program Files (x86)\doxygen\bin;C:\Program Files\Microsoft SQL Server\110\Tools\Binn\;C:\Program Files\TortoiseHg\;C:\Windows\system32;C:\Program Files\Java\jdk1.7.0\bin
USERNAME=Tommy
OS=Windows_NT
PROCESSOR_IDENTIFIER=Intel64 Family 6 Model 42 Stepping 7, GenuineIntel



---------------  S Y S T E M  ---------------

OS: Windows 7 , 64 bit Build 7601 Service Pack 1

CPU:total 8 (4 cores per cpu, 2 threads per core) family 6 model 42 stepping 7, cmov, cx8, fxsr, mmx, sse, sse2, sse3, ssse3, sse4.1, sse4.2, popcnt, avx, aes, ht, tsc, tscinvbit

Memory: 4k page, physical 6201108k(2755000k free), swap 12400352k(8429460k free)

vm_info: Java HotSpot(TM) 64-Bit Server VM (24.51-b03) for windows-amd64 JRE (1.7.0_51-b13), built on Dec 18 2013 18:40:56 by "java_re" with unknown MS VC++:1600

time: Thu Jun 19 14:45:06 2014
elapsed time: 38 seconds

