#
# A fatal error has been detected by the Java Runtime Environment:
#
#  SIGBUS (0x7) at pc=0x00007f7a2d81663a, pid=2541, tid=140162269857536
#
# JRE version: OpenJDK Runtime Environment (7.0_79-b14) (build 1.7.0_79-b14)
# Java VM: OpenJDK 64-Bit Server VM (24.79-b02 mixed mode linux-amd64 compressed oops)
# Derivative: IcedTea 2.5.6
# Distribution: Ubuntu 14.04 LTS, package 7u79-2.5.6-0ubuntu1.14.04.1
# Problematic frame:
# C  [libzip.so+0x463a]
#
# Failed to write core dump. Core dumps have been disabled. To enable core dumping, try "ulimit -c unlimited" before starting Java again
#
# If you would like to submit a bug report, please include
# instructions on how to reproduce the bug and visit:
#   http://icedtea.classpath.org/bugzilla
# The crash happened outside the Java Virtual Machine in native code.
# See problematic frame for where to report the bug.
#

---------------  T H R E A D  ---------------

Current thread (0x00007f7a2848f800):  JavaThread "Thread-64" [_thread_in_native, id=2947, stack(0x00007f7a123e4000,0x00007f7a124e5000)]

siginfo:si_signo=SIGBUS: si_errno=0, si_code=2 (BUS_ADRERR), si_addr=0x00007f7a200327af

Registers:
RAX=0x00007f7a200328b5, RBX=0x0000000000000005, RCX=0x00007f79e4000020, RDX=0x0000000000000003
RSP=0x00007f7a124e30f0, RBP=0x00007f7a124e3240, RSI=0x0000000000000050, RDI=0x00007f79e4000020
R8 =0x0000000000000000, R9 =0x00007f79e4000078, R10=0x0000000000000001, R11=0x0000000000000206
R12=0x00007f7a200327a4, R13=0x00000000000007a4, R14=0x00007f7a200327a4, R15=0x00007f79e400d8f0
RIP=0x00007f7a2d81663a, EFLAGS=0x0000000000010206, CSGSFS=0x0000000000000033, ERR=0x0000000000000004
  TRAPNO=0x000000000000000e

Top of Stack: (sp=0x00007f7a124e30f0)
0x00007f7a124e30f0:   0000000000000000 00007f7a124e311f
0x00007f7a124e3100:   ffffffff28490810 00007f7a2848f805
0x00007f7a124e3110:   00007f7a00000005 00007f7a200328b5
0x00007f7a124e3120:   00007f7a124e3107 00007f79e400dac0
0x00007f7a124e3130:   00000000000007a4 00007f79e400da60
0x00007f7a124e3140:   00007f7a200328e3 0000000000000000
0x00007f7a124e3150:   ffffffff00000003 00007f7a200327a4
0x00007f7a124e3160:   00007f79e4005210 0000000000000078
0x00007f7a124e3170:   0000000000000000 00007f79e400d9e0
0x00007f7a124e3180:   000000d941ed0010 617061632f4c4148
0x00007f7a124e3190:   73656974696c6962 0a031402014b502f
0x00007f7a124e31a0:   6b6baf0008080000 00065b2d1f5fd047
0x00007f7a124e31b0:   00002300000d3f00 0000000000000000
0x00007f7a124e31c0:   480000010881a400 62617061632f4c41
0x00007f7a124e31d0:   2f73656974696c69 50646e416b636950
0x00007f7a124e31e0:   616c632e6563616c 000006054b507373
0x00007f7a124e31f0:   013f000500050000 0000000007a40000
0x00007f7a124e3200:   0000000000000000 d62545d9d1068900
0x00007f7a124e3210:   00007f79e400d8f0 00007f79e400d8f0
0x00007f7a124e3220:   00000000000000de 00007f7a124e3260
0x00007f7a124e3230:   00007f7a124e33d8 0000000000000001
0x00007f7a124e3240:   00007f7a124e33a0 00007f7a2d817970
0x00007f7a124e3250:   00007f7a124e3110 00000150f6c47e60
0x00007f7a124e3260:   00007f7a04034b50 00007f7a124e3270
0x00007f7a124e3270:   00007f7a00000010 00007f7a124e32d0
0x00007f7a124e3280:   00007f7a124e3290 00007f7a2805afc0
0x00007f7a124e3290:   00007f7a2fe7d080 0000000000000001
0x00007f7a124e32a0:   0000000000000001 00007f7a2f6b241d
0x00007f7a124e32b0:   00007f7a2848f9d8 00007f7a305e8649
0x00007f7a124e32c0:   00000000000000de 00007f7a2f889bf7
0x00007f7a124e32d0:   0000000000000801 0000000000220a5f
0x00007f7a124e32e0:   0000000000000001 000003e8000081b4 

Instructions: (pc=0x00007f7a2d81663a)
0x00007f7a2d81661a:   85 08 ff ff ff 00 00 00 00 4d 89 f4 4c 89 ad f0
0x00007f7a2d81662a:   fe ff ff 89 9d d0 fe ff ff 4c 89 b5 18 ff ff ff
0x00007f7a2d81663a:   41 0f b6 54 24 0b 41 0f b6 44 24 0a 45 0f b6 6c
0x00007f7a2d81664a:   24 1d 41 0f b6 74 24 01 41 0f b6 7c 24 02 c1 e2 

Register to memory mapping:

RAX=0x00007f7a200328b5 is an unknown value
RBX=0x0000000000000005 is an unknown value
RCX=0x00007f79e4000020 is an unknown value
RDX=0x0000000000000003 is an unknown value
RSP=0x00007f7a124e30f0 is pointing into the stack for thread: 0x00007f7a2848f800
RBP=0x00007f7a124e3240 is pointing into the stack for thread: 0x00007f7a2848f800
RSI=0x0000000000000050 is an unknown value
RDI=0x00007f79e4000020 is an unknown value
R8 =0x0000000000000000 is an unknown value
R9 =0x00007f79e4000078 is an unknown value
R10=0x0000000000000001 is an unknown value
R11=0x0000000000000206 is an unknown value
R12=0x00007f7a200327a4 is an unknown value
R13=0x00000000000007a4 is an unknown value
R14=0x00007f7a200327a4 is an unknown value
R15=0x00007f79e400d8f0 is an unknown value


Stack: [0x00007f7a123e4000,0x00007f7a124e5000],  sp=0x00007f7a124e30f0,  free space=1020k
Native frames: (J=compiled Java code, j=interpreted, Vv=VM code, C=native code)
C  [libzip.so+0x463a]
C  [libzip.so+0x5970]
C  [libzip.so+0x3827]  Java_java_util_zip_ZipFile_open+0xd7
j  java.util.zip.ZipFile.open(Ljava/lang/String;IJZ)J+0
j  java.util.zip.ZipFile.<init>(Ljava/io/File;ILjava/nio/charset/Charset;)V+148
j  java.util.zip.ZipFile.<init>(Ljava/io/File;I)V+6
j  java.util.jar.JarFile.<init>(Ljava/io/File;ZI)V+3
j  java.util.jar.JarFile.<init>(Ljava/io/File;)V+4
j  HAL.libraries.dynamicloader.DynamicClassData.updateClassData()V+95
j  HAL.libraries.dynamicloader.DynamicClassData.getLoader()LHAL/libraries/dynamicloader/DynamicClassLoader;+1
j  HAL.libraries.dynamicloader.DynamicClassFactory.getClassLoader(LHAL/libraries/dynamicloader/DynamicClassDescription;)LHAL/libraries/dynamicloader/DynamicClassLoader;+57
j  HAL.libraries.dynamicloader.DynamicClassFactory.getClassFromDescription(LHAL/libraries/dynamicloader/DynamicClassDescription;)Ljava/lang/Class;+2
j  HAL.factories.Factory.getItemForIdentifier(Ljava/lang/Object;)Ljava/lang/Object;+55
j  HAL.factories.CapabilityFactory.getCapabilitiesForService(Ljava/lang/String;)Ljava/util/ArrayList;+72
j  HAL.tasks.TranslationProcess.run()V+57
j  java.lang.Thread.run()V+11
v  ~StubRoutines::call_stub
V  [libjvm.so+0x5e80c9]  JavaCalls::call_helper(JavaValue*, methodHandle*, JavaCallArguments*, Thread*)+0x339
V  [libjvm.so+0x5e6f1e]  JavaCalls::call_virtual(JavaValue*, Handle, KlassHandle, Symbol*, Symbol*, Thread*)+0x20e
V  [libjvm.so+0x623391]  thread_entry(JavaThread*, Thread*)+0xd1
V  [libjvm.so+0x900f40]  JavaThread::thread_main_inner()+0xf0
V  [libjvm.so+0x9011b1]  JavaThread::run()+0x221
V  [libjvm.so+0x7c4f62]  java_start(Thread*)+0xf2

Java frames: (J=compiled Java code, j=interpreted, Vv=VM code)
j  java.util.zip.ZipFile.open(Ljava/lang/String;IJZ)J+0
j  java.util.zip.ZipFile.<init>(Ljava/io/File;ILjava/nio/charset/Charset;)V+148
j  java.util.zip.ZipFile.<init>(Ljava/io/File;I)V+6
j  java.util.jar.JarFile.<init>(Ljava/io/File;ZI)V+3
j  java.util.jar.JarFile.<init>(Ljava/io/File;)V+4
j  HAL.libraries.dynamicloader.DynamicClassData.updateClassData()V+95
j  HAL.libraries.dynamicloader.DynamicClassData.getLoader()LHAL/libraries/dynamicloader/DynamicClassLoader;+1
j  HAL.libraries.dynamicloader.DynamicClassFactory.getClassLoader(LHAL/libraries/dynamicloader/DynamicClassDescription;)LHAL/libraries/dynamicloader/DynamicClassLoader;+57
j  HAL.libraries.dynamicloader.DynamicClassFactory.getClassFromDescription(LHAL/libraries/dynamicloader/DynamicClassDescription;)Ljava/lang/Class;+2
j  HAL.factories.Factory.getItemForIdentifier(Ljava/lang/Object;)Ljava/lang/Object;+55
j  HAL.factories.CapabilityFactory.getCapabilitiesForService(Ljava/lang/String;)Ljava/util/ArrayList;+72
j  HAL.tasks.TranslationProcess.run()V+57
j  java.lang.Thread.run()V+11
v  ~StubRoutines::call_stub

---------------  P R O C E S S  ---------------

Java Threads: ( => current thread )
  0x00007f7a2800c000 JavaThread "DestroyJavaVM" [_thread_blocked, id=2546, stack(0x00007f7a30bc6000,0x00007f7a30cc7000)]
  0x00007f7a28311800 JavaThread "Thread-115" [_thread_in_Java, id=3086, stack(0x00007f79a30f1000,0x00007f79a31f2000)]
  0x00007f7a2830f800 JavaThread "Thread-114" [_thread_in_vm, id=3084, stack(0x00007f79a31f2000,0x00007f79a32f3000)]
  0x00007f7a2830e000 JavaThread "Thread-113" [_thread_in_vm, id=3083, stack(0x00007f79a32f3000,0x00007f79a33f4000)]
  0x00007f7a2818f800 JavaThread "Thread-112" [_thread_in_Java, id=3076, stack(0x00007f79a33f4000,0x00007f79a34f5000)]
  0x00007f7a280d4800 JavaThread "Thread-111" [_thread_in_vm, id=3069, stack(0x00007f7a192d3000,0x00007f7a193d4000)]
  0x00007f7a2818d800 JavaThread "Thread-110" [_thread_blocked, id=3066, stack(0x00007f79a34f5000,0x00007f79a35f6000)]
  0x00007f7a28189800 JavaThread "Thread-108" [_thread_in_Java, id=3057, stack(0x00007f79a36f7000,0x00007f79a37f8000)]
  0x00007f7a28176800 JavaThread "Thread-107" [_thread_in_vm, id=3055, stack(0x00007f79a37f8000,0x00007f79a38f9000)]
  0x00007f7a28501800 JavaThread "Thread-106" [_thread_blocked, id=3054, stack(0x00007f79a38f9000,0x00007f79a39fa000)]
  0x00007f7a284ff800 JavaThread "Thread-105" [_thread_blocked, id=3050, stack(0x00007f79a39fa000,0x00007f79a3afb000)]
  0x00007f7a284fd800 JavaThread "Thread-104" [_thread_blocked, id=3039, stack(0x00007f79a3afb000,0x00007f79a3bfc000)]
  0x00007f7a284fb800 JavaThread "Thread-103" [_thread_blocked, id=3037, stack(0x00007f79a3bfc000,0x00007f79a3cfd000)]
  0x00007f7a284f9800 JavaThread "Thread-102" [_thread_blocked, id=3036, stack(0x00007f79a3cfd000,0x00007f79a3dfe000)]
  0x00007f7a284f7000 JavaThread "Thread-101" [_thread_blocked, id=3034, stack(0x00007f79a3dfe000,0x00007f79a3eff000)]
  0x00007f7a284f5000 JavaThread "Thread-100" [_thread_blocked, id=3033, stack(0x00007f79a3eff000,0x00007f79a4000000)]
  0x00007f7a284f3000 JavaThread "Thread-99" [_thread_in_vm, id=3032, stack(0x00007f7a100c1000,0x00007f7a101c2000)]
  0x00007f7a284f1000 JavaThread "Thread-98" [_thread_blocked, id=3030, stack(0x00007f7a101c2000,0x00007f7a102c3000)]
  0x00007f7a284ef000 JavaThread "Thread-97" [_thread_blocked, id=3025, stack(0x00007f7a102c3000,0x00007f7a103c4000)]
  0x00007f7a284ed000 JavaThread "Thread-96" [_thread_in_vm, id=3016, stack(0x00007f7a103c4000,0x00007f7a104c5000)]
  0x00007f7a284eb000 JavaThread "Thread-95" [_thread_blocked, id=3015, stack(0x00007f7a104c5000,0x00007f7a105c6000)]
  0x00007f7a284e6800 JavaThread "Thread-93" [_thread_in_Java, id=3001, stack(0x00007f7a106c7000,0x00007f7a107c8000)]
  0x00007f7a284e4800 JavaThread "Thread-92" [_thread_blocked, id=3000, stack(0x00007f7a107c8000,0x00007f7a108c9000)]
  0x00007f7a284e2800 JavaThread "Thread-91" [_thread_in_vm, id=2999, stack(0x00007f7a108c9000,0x00007f7a109ca000)]
  0x00007f7a284e0800 JavaThread "Thread-90" [_thread_blocked, id=2998, stack(0x00007f7a109ca000,0x00007f7a10acb000)]
  0x00007f7a284de800 JavaThread "Thread-89" [_thread_blocked, id=2992, stack(0x00007f7a10acb000,0x00007f7a10bcc000)]
  0x00007f7a284dc000 JavaThread "Thread-88" [_thread_blocked, id=2990, stack(0x00007f7a10bcc000,0x00007f7a10ccd000)]
  0x00007f7a284bd000 JavaThread "Thread-86" [_thread_blocked, id=2987, stack(0x00007f7a10dce000,0x00007f7a10ecf000)]
  0x00007f7a284ba800 JavaThread "Thread-85" [_thread_blocked, id=2986, stack(0x00007f7a10ecf000,0x00007f7a10fd0000)]
  0x00007f7a284b8800 JavaThread "Thread-84" [_thread_blocked, id=2985, stack(0x00007f7a10fd0000,0x00007f7a110d1000)]
  0x00007f7a284b6800 JavaThread "Thread-83" [_thread_blocked, id=2983, stack(0x00007f7a110d1000,0x00007f7a111d2000)]
  0x00007f7a284b5000 JavaThread "Thread-82" [_thread_blocked, id=2979, stack(0x00007f7a111d2000,0x00007f7a112d3000)]
  0x00007f7a284b3000 JavaThread "Thread-81" [_thread_blocked, id=2977, stack(0x00007f7a112d3000,0x00007f7a113d4000)]
  0x00007f7a284b1000 JavaThread "Thread-80" [_thread_in_Java, id=2975, stack(0x00007f7a113d4000,0x00007f7a114d5000)]
  0x00007f7a284ae800 JavaThread "Thread-79" [_thread_in_Java, id=2974, stack(0x00007f7a114d5000,0x00007f7a115d6000)]
  0x00007f7a284ac800 JavaThread "Thread-78" [_thread_in_vm, id=2972, stack(0x00007f7a115d6000,0x00007f7a116d7000)]
  0x00007f7a284aa800 JavaThread "Thread-77" [_thread_blocked, id=2969, stack(0x00007f7a116d7000,0x00007f7a117d8000)]
  0x00007f7a284a8800 JavaThread "Thread-76" [_thread_blocked, id=2967, stack(0x00007f7a117d8000,0x00007f7a118d9000)]
  0x00007f7a284a6800 JavaThread "Thread-75" [_thread_in_vm, id=2966, stack(0x00007f7a118d9000,0x00007f7a119da000)]
  0x00007f7a284a4000 JavaThread "Thread-74" [_thread_in_vm, id=2965, stack(0x00007f7a119da000,0x00007f7a11adb000)]
  0x00007f7a284a2000 JavaThread "Thread-73" [_thread_blocked, id=2961, stack(0x00007f7a11adb000,0x00007f7a11bdc000)]
  0x00007f7a284a0000 JavaThread "Thread-72" [_thread_blocked, id=2957, stack(0x00007f7a11bdc000,0x00007f7a11cdd000)]
  0x00007f7a2849e000 JavaThread "Thread-71" [_thread_in_vm, id=2956, stack(0x00007f7a11cdd000,0x00007f7a11dde000)]
  0x00007f7a2849c000 JavaThread "Thread-70" [_thread_in_vm, id=2955, stack(0x00007f7a11dde000,0x00007f7a11edf000)]
  0x00007f7a2849a000 JavaThread "Thread-69" [_thread_in_vm, id=2954, stack(0x00007f7a11edf000,0x00007f7a11fe0000)]
  0x00007f7a28498000 JavaThread "Thread-68" [_thread_in_vm, id=2953, stack(0x00007f7a11fe0000,0x00007f7a120e1000)]
  0x00007f7a28496000 JavaThread "Thread-67" [_thread_blocked, id=2952, stack(0x00007f7a120e1000,0x00007f7a121e2000)]
  0x00007f7a28494000 JavaThread "Thread-66" [_thread_in_vm, id=2951, stack(0x00007f7a121e2000,0x00007f7a122e3000)]
  0x00007f7a28492000 JavaThread "Thread-65" [_thread_blocked, id=2949, stack(0x00007f7a122e3000,0x00007f7a123e4000)]
=>0x00007f7a2848f800 JavaThread "Thread-64" [_thread_in_native, id=2947, stack(0x00007f7a123e4000,0x00007f7a124e5000)]
  0x00007f7a2848d800 JavaThread "Thread-63" [_thread_in_vm, id=2941, stack(0x00007f7a124e5000,0x00007f7a125e6000)]
  0x00007f7a2848b800 JavaThread "Thread-62" [_thread_blocked, id=2939, stack(0x00007f7a125e6000,0x00007f7a126e7000)]
  0x00007f7a28489800 JavaThread "Thread-61" [_thread_blocked, id=2938, stack(0x00007f7a126e7000,0x00007f7a127e8000)]
  0x00007f7a28485800 JavaThread "Thread-59" [_thread_blocked, id=2936, stack(0x00007f7a128e9000,0x00007f7a129ea000)]
  0x00007f7a28483800 JavaThread "Thread-58" [_thread_blocked, id=2935, stack(0x00007f7a129ea000,0x00007f7a12aeb000)]
  0x00007f7a28481000 JavaThread "Thread-57" [_thread_in_vm, id=2933, stack(0x00007f7a12aeb000,0x00007f7a12bec000)]
  0x00007f7a2847f000 JavaThread "Thread-56" [_thread_in_vm, id=2932, stack(0x00007f7a12bec000,0x00007f7a12ced000)]
  0x00007f7a2847d000 JavaThread "Thread-55" [_thread_in_vm, id=2929, stack(0x00007f7a12ced000,0x00007f7a12dee000)]
  0x00007f7a2847b000 JavaThread "Thread-54" [_thread_in_vm, id=2919, stack(0x00007f7a12dee000,0x00007f7a12eef000)]
  0x00007f7a28479000 JavaThread "Thread-53" [_thread_in_vm, id=2915, stack(0x00007f7a12eef000,0x00007f7a12ff0000)]
  0x00007f7a28477000 JavaThread "Thread-52" [_thread_blocked, id=2908, stack(0x00007f7a12ff0000,0x00007f7a130f1000)]
  0x00007f7a2845d000 JavaThread "Thread-51" [_thread_in_vm, id=2907, stack(0x00007f7a130f1000,0x00007f7a131f2000)]
  0x00007f7a2845b000 JavaThread "Thread-50" [_thread_blocked, id=2906, stack(0x00007f7a131f2000,0x00007f7a132f3000)]
  0x00007f7a28459000 JavaThread "Thread-49" [_thread_in_vm, id=2903, stack(0x00007f7a132f3000,0x00007f7a133f4000)]
  0x00007f7a28457000 JavaThread "Thread-48" [_thread_in_vm, id=2898, stack(0x00007f7a133f4000,0x00007f7a134f5000)]
  0x00007f7a28455000 JavaThread "Thread-47" [_thread_in_vm, id=2896, stack(0x00007f7a134f5000,0x00007f7a135f6000)]
  0x00007f7a28453000 JavaThread "Thread-46" [_thread_in_vm, id=2891, stack(0x00007f7a135f6000,0x00007f7a136f7000)]
  0x00007f7a28451000 JavaThread "Thread-45" [_thread_blocked, id=2890, stack(0x00007f7a136f7000,0x00007f7a137f8000)]
  0x00007f7a2844f000 JavaThread "Thread-44" [_thread_blocked, id=2888, stack(0x00007f7a137f8000,0x00007f7a138f9000)]
  0x00007f7a2844d000 JavaThread "Thread-43" [_thread_in_vm, id=2887, stack(0x00007f7a138f9000,0x00007f7a139fa000)]
  0x00007f7a2844b000 JavaThread "Thread-42" [_thread_in_vm, id=2886, stack(0x00007f7a139fa000,0x00007f7a13afb000)]
  0x00007f7a28449800 JavaThread "Thread-41" [_thread_blocked, id=2882, stack(0x00007f7a13afb000,0x00007f7a13bfc000)]
  0x00007f7a28448000 JavaThread "Thread-40" [_thread_in_vm, id=2878, stack(0x00007f7a13bfc000,0x00007f7a13cfd000)]
  0x00007f7a28446800 JavaThread "Thread-39" [_thread_blocked, id=2877, stack(0x00007f7a13cfd000,0x00007f7a13dfe000)]
  0x00007f7a2810c800 JavaThread "Thread-38" [_thread_in_vm, id=2875, stack(0x00007f7a13dfe000,0x00007f7a13eff000)]
  0x00007f7a2810a800 JavaThread "Thread-37" [_thread_blocked, id=2874, stack(0x00007f7a13eff000,0x00007f7a14000000)]
  0x00007f7a28108800 JavaThread "Thread-36" [_thread_in_vm, id=2873, stack(0x00007f7a180c1000,0x00007f7a181c2000)]
  0x00007f7a28322000 JavaThread "Thread-32" [_thread_blocked, id=2867, stack(0x00007f7a184c5000,0x00007f7a185c6000)]
  0x00007f7a282f2800 JavaThread "Thread-31" [_thread_in_vm, id=2866, stack(0x00007f7a185c6000,0x00007f7a186c7000)]
  0x00007f7a282f1000 JavaThread "Thread-30" [_thread_blocked, id=2865, stack(0x00007f7a186c7000,0x00007f7a187c8000)]
  0x00007f7a282ef000 JavaThread "Thread-29" [_thread_blocked, id=2863, stack(0x00007f7a187c8000,0x00007f7a188c9000)]
  0x00007f7a282ed000 JavaThread "Thread-28" [_thread_blocked, id=2862, stack(0x00007f7a188c9000,0x00007f7a189ca000)]
  0x00007f7a280c7000 JavaThread "Thread-26" [_thread_in_vm, id=2859, stack(0x00007f7a18acb000,0x00007f7a18bcc000)]
  0x00007f7a280c5000 JavaThread "Thread-25" [_thread_in_vm, id=2858, stack(0x00007f7a18bcc000,0x00007f7a18ccd000)]
  0x00007f7a280fa800 JavaThread "Thread-23" [_thread_in_vm, id=2856, stack(0x00007f7a18dce000,0x00007f7a18ecf000)]
  0x00007f7a280f8800 JavaThread "Thread-22" [_thread_in_Java, id=2855, stack(0x00007f7a18ecf000,0x00007f7a18fd0000)]
  0x00007f7a280f7000 JavaThread "Thread-21" [_thread_in_vm, id=2854, stack(0x00007f7a18fd0000,0x00007f7a190d1000)]
  0x00007f7a280fd000 JavaThread "Thread-20" [_thread_blocked, id=2853, stack(0x00007f7a190d1000,0x00007f7a191d2000)]
  0x00007f7a280fb800 JavaThread "Thread-19" [_thread_blocked, id=2852, stack(0x00007f7a191d2000,0x00007f7a192d3000)]
  0x00007f7a280d1000 JavaThread "Thread-17" [_thread_blocked, id=2850, stack(0x00007f7a193d4000,0x00007f7a194d5000)]
  0x00007f79f000e800 JavaThread "New I/O client worker #5-1" [_thread_blocked, id=2806, stack(0x00007f7a194d5000,0x00007f7a195d6000)]
  0x00007f7a1c010000 JavaThread "New I/O client worker #4-1" [_thread_in_native, id=2805, stack(0x00007f7a195d6000,0x00007f7a196d7000)]
  0x00007f7a0c01d000 JavaThread "New I/O client worker #2-1" [_thread_blocked, id=2804, stack(0x00007f7a196d7000,0x00007f7a197d8000)]
  0x00007f7a14015000 JavaThread "New I/O client worker #1-1" [_thread_blocked, id=2803, stack(0x00007f7a197d8000,0x00007f7a198d9000)]
  0x00007f79ec226000 JavaThread "pool-1-thread-46" [_thread_blocked, id=2802, stack(0x00007f7a198d9000,0x00007f7a199da000)]
  0x00007f79ac00c800 JavaThread "pool-1-thread-45" [_thread_blocked, id=2801, stack(0x00007f7a19dde000,0x00007f7a19edf000)]
  0x00007f79f4002800 JavaThread "pool-1-thread-44" [_thread_blocked, id=2800, stack(0x00007f7a199da000,0x00007f7a19adb000)]
  0x00007f79e4004000 JavaThread "pool-1-thread-47" [_thread_blocked, id=2799, stack(0x00007f7a19bdc000,0x00007f7a19cdd000)]
  0x00007f79c001b800 JavaThread "pool-1-thread-43" [_thread_blocked, id=2798, stack(0x00007f7a19adb000,0x00007f7a19bdc000)]
  0x00007f79cc00a000 JavaThread "New I/O server worker #1-2" [_thread_blocked, id=2785, stack(0x00007f7a1b3f4000,0x00007f7a1b4f5000)]
  0x00007f79d404b800 JavaThread "pool-1-thread-41" [_thread_blocked, id=2779, stack(0x00007f7a19cdd000,0x00007f7a19dde000)]
  0x00007f79d404b000 JavaThread "pool-1-thread-40" [_thread_blocked, id=2777, stack(0x00007f7a1a1e2000,0x00007f7a1a2e3000)]
  0x00007f79d404a000 JavaThread "pool-1-thread-39" [_thread_blocked, id=2776, stack(0x00007f7a1a3e4000,0x00007f7a1a4e5000)]
  0x00007f79dc126800 JavaThread "New I/O client worker #3-1" [_thread_blocked, id=2774, stack(0x00007f7a1a4e5000,0x00007f7a1a5e6000)]
  0x00007f79cc002800 JavaThread "New I/O server worker #1-1" [_thread_blocked, id=2773, stack(0x00007f7a19edf000,0x00007f7a19fe0000)]
  0x00007f79d4048800 JavaThread "pool-1-thread-37" [_thread_blocked, id=2771, stack(0x00007f7a19fe0000,0x00007f7a1a0e1000)]
  0x00007f79d0001800 JavaThread "pool-1-thread-36" [_thread_blocked, id=2770, stack(0x00007f7a1a0e1000,0x00007f7a1a1e2000)]
  0x00007f79d4047800 JavaThread "pool-1-thread-34" [_thread_blocked, id=2767, stack(0x00007f7a1a5e6000,0x00007f7a1a6e7000)]
  0x00007f79b4007800 JavaThread "pool-1-thread-31" [_thread_blocked, id=2763, stack(0x00007f7a1a2e3000,0x00007f7a1a3e4000)]
  0x00007f79d4045000 JavaThread "New I/O server worker #1-3" [_thread_blocked, id=2753, stack(0x00007f7a1a6e7000,0x00007f7a1a7e8000)]
  0x00007f79d403d800 JavaThread "pool-1-thread-32" [_thread_blocked, id=2752, stack(0x00007f7a1a7e8000,0x00007f7a1a8e9000)]
  0x00007f79d403b800 JavaThread "pool-1-thread-30" [_thread_blocked, id=2750, stack(0x00007f7a1a8e9000,0x00007f7a1a9ea000)]
  0x00007f79d4039800 JavaThread "pool-1-thread-29" [_thread_blocked, id=2742, stack(0x00007f7a1a9ea000,0x00007f7a1aaeb000)]
  0x00007f79d4038000 JavaThread "pool-1-thread-28" [_thread_blocked, id=2741, stack(0x00007f7a1aaeb000,0x00007f7a1abec000)]
  0x00007f79d4035800 JavaThread "pool-1-thread-27" [_thread_blocked, id=2740, stack(0x00007f7a1abec000,0x00007f7a1aced000)]
  0x00007f79d4033800 JavaThread "pool-1-thread-26" [_thread_blocked, id=2734, stack(0x00007f7a1aced000,0x00007f7a1adee000)]
  0x00007f79d4032000 JavaThread "pool-1-thread-25" [_thread_blocked, id=2733, stack(0x00007f7a1adee000,0x00007f7a1aeef000)]
  0x00007f79d4030800 JavaThread "pool-1-thread-24" [_thread_blocked, id=2724, stack(0x00007f7a1aeef000,0x00007f7a1aff0000)]
  0x00007f79ac02d800 JavaThread "pool-1-thread-21" [_thread_blocked, id=2722, stack(0x00007f7a1aff0000,0x00007f7a1b0f1000)]
  0x00007f79d402e000 JavaThread "pool-1-thread-23" [_thread_blocked, id=2719, stack(0x00007f7a1b0f1000,0x00007f7a1b1f2000)]
  0x00007f79d402b800 JavaThread "pool-1-thread-22" [_thread_blocked, id=2718, stack(0x00007f7a1b1f2000,0x00007f7a1b2f3000)]
  0x00007f79d402a800 JavaThread "pool-1-thread-20" [_thread_blocked, id=2702, stack(0x00007f7a1b6f7000,0x00007f7a1b7f8000)]
  0x00007f79d4028800 JavaThread "pool-1-thread-19" [_thread_blocked, id=2700, stack(0x00007f7a1b2f3000,0x00007f7a1b3f4000)]
  0x00007f79d4027000 JavaThread "pool-1-thread-18" [_thread_blocked, id=2697, stack(0x00007f7a1b4f5000,0x00007f7a1b5f6000)]
  0x00007f79d4025000 JavaThread "pool-1-thread-17" [_thread_blocked, id=2695, stack(0x00007f7a1b5f6000,0x00007f7a1b6f7000)]
  0x00007f79d4023000 JavaThread "pool-1-thread-16" [_thread_blocked, id=2693, stack(0x00007f7a1b7f8000,0x00007f7a1b8f9000)]
  0x00007f79d4021800 JavaThread "pool-1-thread-15" [_thread_blocked, id=2692, stack(0x00007f7a1b8f9000,0x00007f7a1b9fa000)]
  0x00007f79d4020000 JavaThread "pool-1-thread-14" [_thread_blocked, id=2691, stack(0x00007f7a1b9fa000,0x00007f7a1bafb000)]
  0x00007f79d401f000 JavaThread "pool-1-thread-13" [_thread_blocked, id=2690, stack(0x00007f7a1bafb000,0x00007f7a1bbfc000)]
  0x00007f79d401e000 JavaThread "pool-1-thread-12" [_thread_blocked, id=2689, stack(0x00007f7a1bcfd000,0x00007f7a1bdfe000)]
  0x00007f79d401b000 JavaThread "pool-1-thread-11" [_thread_blocked, id=2688, stack(0x00007f7a1bdfe000,0x00007f7a1beff000)]
  0x00007f79d8003000 JavaThread "XML-RPC-0" [_thread_blocked, id=2683, stack(0x00007f7a1bbfc000,0x00007f7a1bcfd000)]
  0x00007f79c401d000 JavaThread "pool-1-thread-10" [_thread_blocked, id=2670, stack(0x00007f7a1beff000,0x00007f7a1c000000)]
  0x00007f79c4019800 JavaThread "pool-1-thread-9" [_thread_blocked, id=2669, stack(0x00007f7a2003d000,0x00007f7a2013e000)]
  0x00007f79c4016000 JavaThread "pool-1-thread-8" [_thread_blocked, id=2668, stack(0x00007f7a2013e000,0x00007f7a2023f000)]
  0x00007f79c4015000 JavaThread "pool-1-thread-7" [_thread_blocked, id=2667, stack(0x00007f7a2023f000,0x00007f7a20340000)]
  0x00007f79dc11f000 JavaThread "pool-1-thread-6" [_thread_blocked, id=2662, stack(0x00007f7a20340000,0x00007f7a20441000)]
  0x00007f79dc10a000 JavaThread "pool-1-thread-5" [_thread_blocked, id=2655, stack(0x00007f7a20441000,0x00007f7a20542000)]
  0x00007f79dc10c800 JavaThread "New I/O server boss #1 ([id: 0x23b87cc4, /127.0.0.1:37771])" [_thread_in_native, id=2654, stack(0x00007f7a20542000,0x00007f7a20643000)]
  0x00007f79dc061800 JavaThread "XML-RPC Weblistener" [_thread_in_native, id=2639, stack(0x00007f7a20643000,0x00007f7a20744000)]
  0x00007f79dc00c000 JavaThread "pool-1-thread-3" [_thread_blocked, id=2620, stack(0x00007f7a20747000,0x00007f7a20848000)]
  0x00007f79dc00b800 JavaThread "pool-1-thread-2" [_thread_blocked, id=2619, stack(0x00007f7a20848000,0x00007f7a20949000)]
  0x00007f7a28438000 JavaThread "pool-1-thread-1" [_thread_blocked, id=2613, stack(0x00007f7a20949000,0x00007f7a20a4a000)]
  0x00007f7a28349800 JavaThread "Abandoned connection cleanup thread" daemon [_thread_blocked, id=2580, stack(0x00007f7a20a5c000,0x00007f7a20b5d000)]
  0x00007f7a280b3800 JavaThread "Service Thread" daemon [_thread_blocked, id=2566, stack(0x00007f7a22412000,0x00007f7a22513000)]
  0x00007f7a280b1000 JavaThread "C2 CompilerThread1" daemon [_thread_blocked, id=2565, stack(0x00007f7a22513000,0x00007f7a22614000)]
  0x00007f7a280ae000 JavaThread "C2 CompilerThread0" daemon [_thread_blocked, id=2564, stack(0x00007f7a22614000,0x00007f7a22715000)]
  0x00007f7a280ac000 JavaThread "Signal Dispatcher" daemon [_thread_blocked, id=2563, stack(0x00007f7a22715000,0x00007f7a22816000)]
  0x00007f7a2807d800 JavaThread "Finalizer" daemon [_thread_blocked, id=2557, stack(0x00007f7a22ef9000,0x00007f7a22ffa000)]
  0x00007f7a2807b800 JavaThread "Reference Handler" daemon [_thread_blocked, id=2556, stack(0x00007f7a22ffa000,0x00007f7a230fb000)]

Other Threads:
  0x00007f7a28077800 VMThread [stack: 0x00007f7a230fb000,0x00007f7a231fc000] [id=2552]
  0x00007f7a280be000 WatcherThread [stack: 0x00007f7a22311000,0x00007f7a22412000] [id=2567]

VM state:synchronizing (normal execution)

VM Mutex/Monitor currently owned by a thread:  ([mutex/lock_event])
[0x00007f7a280083e0] Safepoint_lock - owner thread: 0x00007f7a28077800
[0x00007f7a28008460] Threads_lock - owner thread: 0x00007f7a28077800

Heap
 PSYoungGen      total 88576K, used 35413K [0x00000000f2200000, 0x00000000f8480000, 0x0000000100000000)
  eden space 82944K, 42% used [0x00000000f2200000,0x00000000f4495788,0x00000000f7300000)
  from space 5632K, 0% used [0x00000000f7b00000,0x00000000f7b00000,0x00000000f8080000)
  to   space 8192K, 0% used [0x00000000f7300000,0x00000000f7300000,0x00000000f7b00000)
 ParOldGen       total 40448K, used 13512K [0x00000000d6600000, 0x00000000d8d80000, 0x00000000f2200000)
  object space 40448K, 33% used [0x00000000d6600000,0x00000000d7332228,0x00000000d8d80000)
 PSPermGen       total 33280K, used 15203K [0x00000000cc000000, 0x00000000ce080000, 0x00000000d6600000)
  object space 33280K, 45% used [0x00000000cc000000,0x00000000cced8d00,0x00000000ce080000)

Card table byte_map: [0x00007f7a2d671000,0x00007f7a2d812000] byte_map_base: 0x00007f7a2d011000

Polling page: 0x00007f7a30cef000

Code Cache  [0x00007f7a25000000, 0x00007f7a25270000, 0x00007f7a28000000)
 total_blobs=535 nmethods=168 adapters=321 free_code_cache=48279Kb largest_free_block=49379328

Compilation events (10 events):
Event: 29,974 Thread 0x00007f7a280b1000 nmethod 157 0x00007f7a250d5f90 code [0x00007f7a250d6100, 0x00007f7a250d6978]
Event: 29,974 Thread 0x00007f7a280b1000  172             sun.misc.Unsafe::getObject (8 bytes)
Event: 29,976 Thread 0x00007f7a280b1000 nmethod 172 0x00007f7a2508aa90 code [0x00007f7a2508abc0, 0x00007f7a2508ac18]
Event: 29,976 Thread 0x00007f7a280b1000  173             sun.reflect.UnsafeObjectFieldAccessorImpl::get (17 bytes)
Event: 30,096 Thread 0x00007f7a280b1000 nmethod 173 0x00007f7a250d7210 code [0x00007f7a250d7360, 0x00007f7a250d7488]
Event: 30,097 Thread 0x00007f7a280b1000  174             java.lang.reflect.AccessibleObject::checkAccess (96 bytes)
Event: 30,140 Thread 0x00007f7a280b1000 nmethod 174 0x00007f7a250d6fd0 code [0x00007f7a250d7100, 0x00007f7a250d7178]
Event: 30,140 Thread 0x00007f7a280b1000  175  s          java.util.Hashtable::put (175 bytes)
Event: 30,164 Thread 0x00007f7a280ae000 nmethod 171 0x00007f7a250db6d0 code [0x00007f7a250db820, 0x00007f7a250db948]
Event: 30,164 Thread 0x00007f7a280ae000  177             java.lang.reflect.Field::get (49 bytes)

GC Heap History (10 events):
Event: 15,653 GC heap before
{Heap before GC invocations=8 (full 1):
 PSYoungGen      total 38912K, used 32718K [0x00000000f2200000, 0x00000000f4c00000, 0x0000000100000000)
  eden space 34816K, 93% used [0x00000000f2200000,0x00000000f41f3830,0x00000000f4400000)
  from space 4096K, 0% used [0x00000000f4800000,0x00000000f4800000,0x00000000f4c00000)
  to   space 4096K, 0% used [0x00000000f4400000,0x00000000f4400000,0x00000000f4800000)
 ParOldGen       total 36864K, used 13701K [0x00000000d6600000, 0x00000000d8a00000, 0x00000000f2200000)
  object space 36864K, 37% used [0x00000000d6600000,0x00000000d7361678,0x00000000d8a00000)
 PSPermGen       total 29696K, used 14709K [0x00000000cc000000, 0x00000000cdd00000, 0x00000000d6600000)
  object space 29696K, 49% used [0x00000000cc000000,0x00000000cce5d740,0x00000000cdd00000)
Event: 15,689 GC heap after
Heap after GC invocations=8 (full 1):
 PSYoungGen      total 38912K, used 3797K [0x00000000f2200000, 0x00000000f6680000, 0x0000000100000000)
  eden space 34816K, 0% used [0x00000000f2200000,0x00000000f2200000,0x00000000f4400000)
  from space 4096K, 92% used [0x00000000f4400000,0x00000000f47b57f0,0x00000000f4800000)
  to   space 4608K, 0% used [0x00000000f6200000,0x00000000f6200000,0x00000000f6680000)
 ParOldGen       total 36864K, used 21123K [0x00000000d6600000, 0x00000000d8a00000, 0x00000000f2200000)
  object space 36864K, 57% used [0x00000000d6600000,0x00000000d7aa0d20,0x00000000d8a00000)
 PSPermGen       total 29696K, used 14709K [0x00000000cc000000, 0x00000000cdd00000, 0x00000000d6600000)
  object space 29696K, 49% used [0x00000000cc000000,0x00000000cce5d740,0x00000000cdd00000)
}
Event: 16,329 GC heap before
{Heap before GC invocations=9 (full 1):
 PSYoungGen      total 38912K, used 38384K [0x00000000f2200000, 0x00000000f6680000, 0x0000000100000000)
  eden space 34816K, 99% used [0x00000000f2200000,0x00000000f43c6940,0x00000000f4400000)
  from space 4096K, 92% used [0x00000000f4400000,0x00000000f47b57f0,0x00000000f4800000)
  to   space 4608K, 0% used [0x00000000f6200000,0x00000000f6200000,0x00000000f6680000)
 ParOldGen       total 36864K, used 21123K [0x00000000d6600000, 0x00000000d8a00000, 0x00000000f2200000)
  object space 36864K, 57% used [0x00000000d6600000,0x00000000d7aa0d20,0x00000000d8a00000)
 PSPermGen       total 29696K, used 14752K [0x00000000cc000000, 0x00000000cdd00000, 0x00000000d6600000)
  object space 29696K, 49% used [0x00000000cc000000,0x00000000cce681e8,0x00000000cdd00000)
Event: 16,346 GC heap after
Heap after GC invocations=9 (full 1):
 PSYoungGen      total 64512K, used 4420K [0x00000000f2200000, 0x00000000f6680000, 0x0000000100000000)
  eden space 59904K, 0% used [0x00000000f2200000,0x00000000f2200000,0x00000000f5c80000)
  from space 4608K, 95% used [0x00000000f6200000,0x00000000f6651248,0x00000000f6680000)
  to   space 5120K, 0% used [0x00000000f5c80000,0x00000000f5c80000,0x00000000f6180000)
 ParOldGen       total 36864K, used 21409K [0x00000000d6600000, 0x00000000d8a00000, 0x00000000f2200000)
  object space 36864K, 58% used [0x00000000d6600000,0x00000000d7ae8708,0x00000000d8a00000)
 PSPermGen       total 29696K, used 14752K [0x00000000cc000000, 0x00000000cdd00000, 0x00000000d6600000)
  object space 29696K, 49% used [0x00000000cc000000,0x00000000cce681e8,0x00000000cdd00000)
}
Event: 17,847 GC heap before
{Heap before GC invocations=10 (full 1):
 PSYoungGen      total 64512K, used 63995K [0x00000000f2200000, 0x00000000f6680000, 0x0000000100000000)
  eden space 59904K, 99% used [0x00000000f2200000,0x00000000f5c2dac0,0x00000000f5c80000)
  from space 4608K, 95% used [0x00000000f6200000,0x00000000f6651248,0x00000000f6680000)
  to   space 5120K, 0% used [0x00000000f5c80000,0x00000000f5c80000,0x00000000f6180000)
 ParOldGen       total 36864K, used 21409K [0x00000000d6600000, 0x00000000d8a00000, 0x00000000f2200000)
  object space 36864K, 58% used [0x00000000d6600000,0x00000000d7ae8708,0x00000000d8a00000)
 PSPermGen       total 29696K, used 14880K [0x00000000cc000000, 0x00000000cdd00000, 0x00000000d6600000)
  object space 29696K, 50% used [0x00000000cc000000,0x00000000cce883c0,0x00000000cdd00000)
Event: 17,902 GC heap after
Heap after GC invocations=10 (full 1):
 PSYoungGen      total 65024K, used 4555K [0x00000000f2200000, 0x00000000f8080000, 0x0000000100000000)
  eden space 59904K, 0% used [0x00000000f2200000,0x00000000f2200000,0x00000000f5c80000)
  from space 5120K, 88% used [0x00000000f5c80000,0x00000000f60f2ea8,0x00000000f6180000)
  to   space 5632K, 0% used [0x00000000f7b00000,0x00000000f7b00000,0x00000000f8080000)
 ParOldGen       total 36864K, used 23878K [0x00000000d6600000, 0x00000000d8a00000, 0x00000000f2200000)
  object space 36864K, 64% used [0x00000000d6600000,0x00000000d7d51928,0x00000000d8a00000)
 PSPermGen       total 29696K, used 14880K [0x00000000cc000000, 0x00000000cdd00000, 0x00000000d6600000)
  object space 29696K, 50% used [0x00000000cc000000,0x00000000cce883c0,0x00000000cdd00000)
}
Event: 23,120 GC heap before
{Heap before GC invocations=11 (full 1):
 PSYoungGen      total 65024K, used 64459K [0x00000000f2200000, 0x00000000f8080000, 0x0000000100000000)
  eden space 59904K, 100% used [0x00000000f2200000,0x00000000f5c80000,0x00000000f5c80000)
  from space 5120K, 88% used [0x00000000f5c80000,0x00000000f60f2ea8,0x00000000f6180000)
  to   space 5632K, 0% used [0x00000000f7b00000,0x00000000f7b00000,0x00000000f8080000)
 ParOldGen       total 36864K, used 23878K [0x00000000d6600000, 0x00000000d8a00000, 0x00000000f2200000)
  object space 36864K, 64% used [0x00000000d6600000,0x00000000d7d51928,0x00000000d8a00000)
 PSPermGen       total 29696K, used 15036K [0x00000000cc000000, 0x00000000cdd00000, 0x00000000d6600000)
  object space 29696K, 50% used [0x00000000cc000000,0x00000000cceaf1b0,0x00000000cdd00000)
Event: 23,271 GC heap after
Heap after GC invocations=11 (full 1):
 PSYoungGen      total 88576K, used 5631K [0x00000000f2200000, 0x00000000f8480000, 0x0000000100000000)
  eden space 82944K, 0% used [0x00000000f2200000,0x00000000f2200000,0x00000000f7300000)
  from space 5632K, 99% used [0x00000000f7b00000,0x00000000f807fe88,0x00000000f8080000)
  to   space 8192K, 0% used [0x00000000f7300000,0x00000000f7300000,0x00000000f7b00000)
 ParOldGen       total 36864K, used 28771K [0x00000000d6600000, 0x00000000d8a00000, 0x00000000f2200000)
  object space 36864K, 78% used [0x00000000d6600000,0x00000000d8218e70,0x00000000d8a00000)
 PSPermGen       total 29696K, used 15036K [0x00000000cc000000, 0x00000000cdd00000, 0x00000000d6600000)
  object space 29696K, 50% used [0x00000000cc000000,0x00000000cceaf1b0,0x00000000cdd00000)
}
Event: 23,271 GC heap before
{Heap before GC invocations=12 (full 2):
 PSYoungGen      total 88576K, used 5631K [0x00000000f2200000, 0x00000000f8480000, 0x0000000100000000)
  eden space 82944K, 0% used [0x00000000f2200000,0x00000000f2200000,0x00000000f7300000)
  from space 5632K, 99% used [0x00000000f7b00000,0x00000000f807fe88,0x00000000f8080000)
  to   space 8192K, 0% used [0x00000000f7300000,0x00000000f7300000,0x00000000f7b00000)
 ParOldGen       total 36864K, used 28771K [0x00000000d6600000, 0x00000000d8a00000, 0x00000000f2200000)
  object space 36864K, 78% used [0x00000000d6600000,0x00000000d8218e70,0x00000000d8a00000)
 PSPermGen       total 29696K, used 15036K [0x00000000cc000000, 0x00000000cdd00000, 0x00000000d6600000)
  object space 29696K, 50% used [0x00000000cc000000,0x00000000cceaf1b0,0x00000000cdd00000)
Event: 23,633 GC heap after
Heap after GC invocations=12 (full 2):
 PSYoungGen      total 88576K, used 0K [0x00000000f2200000, 0x00000000f8480000, 0x0000000100000000)
  eden space 82944K, 0% used [0x00000000f2200000,0x00000000f2200000,0x00000000f7300000)
  from space 5632K, 0% used [0x00000000f7b00000,0x00000000f7b00000,0x00000000f8080000)
  to   space 8192K, 0% used [0x00000000f7300000,0x00000000f7300000,0x00000000f7b00000)
 ParOldGen       total 40448K, used 13512K [0x00000000d6600000, 0x00000000d8d80000, 0x00000000f2200000)
  object space 40448K, 33% used [0x00000000d6600000,0x00000000d7332228,0x00000000d8d80000)
 PSPermGen       total 33280K, used 15030K [0x00000000cc000000, 0x00000000ce080000, 0x00000000d6600000)
  object space 33280K, 45% used [0x00000000cc000000,0x00000000ccead8c8,0x00000000ce080000)
}

Deoptimization events (10 events):
Event: 10,427 Thread 0x00007f79c0002000 Uncommon trap: reason=class_check action=maybe_recompile pc=0x00007f7a2508760c method=java.util.Properties$LineReader.readLine()I @ 402
Event: 11,146 Thread 0x00007f79c401f800 Uncommon trap: reason=unreached action=reinterpret pc=0x00007f7a2508f304 method=sun.misc.URLClassPath$JarLoader.ensureOpen()V @ 4
Event: 11,147 Thread 0x00007f79c401f800 Uncommon trap: reason=unreached action=reinterpret pc=0x00007f7a2507e208 method=java.util.zip.ZipCoder.encoder()Ljava/nio/charset/CharsetEncoder; @ 4
Event: 11,329 Thread 0x00007f79d8003000 Uncommon trap: reason=null_check action=make_not_entrant pc=0x00007f7a25072634 method=java.lang.String.equals(Ljava/lang/Object;)Z @ 8
Event: 13,355 Thread 0x00007f79b4007800 Uncommon trap: reason=bimorphic action=maybe_recompile pc=0x00007f7a250a86fc method=java.util.HashMap.put(Ljava/lang/Object;Ljava/lang/Object;)Ljava/lang/Object; @ 83
Event: 13,355 Thread 0x00007f79d401e000 Uncommon trap: reason=bimorphic action=maybe_recompile pc=0x00007f7a250a86fc method=java.util.HashMap.put(Ljava/lang/Object;Ljava/lang/Object;)Ljava/lang/Object; @ 83
Event: 13,372 Thread 0x00007f79dc126800 Uncommon trap: reason=bimorphic action=maybe_recompile pc=0x00007f7a250a86fc method=java.util.HashMap.put(Ljava/lang/Object;Ljava/lang/Object;)Ljava/lang/Object; @ 83
Event: 13,389 Thread 0x00007f79ac02d800 Uncommon trap: reason=bimorphic action=maybe_recompile pc=0x00007f7a250a86fc method=java.util.HashMap.put(Ljava/lang/Object;Ljava/lang/Object;)Ljava/lang/Object; @ 83
Event: 15,346 Thread 0x00007f7a2800c000 Uncommon trap: reason=unloaded action=reinterpret pc=0x00007f7a250c3bac method=org.apache.commons.codec.binary.Base64.discardNonBase64([B)[B @ 48
Event: 23,760 Thread 0x00007f7a2847d000 Uncommon trap: reason=null_check action=make_not_entrant pc=0x00007f7a250e0ca8 method=com.mysql.jdbc.ConnectionImpl.getServerCharacterEncoding()Ljava/lang/String; @ 32

Internal exceptions (10 events):
Event: 30,173 Thread 0x00007f7a28446800 Threw 0x00000000f36868e0 at /build/openjdk-7-FO0dNI/openjdk-7-7u79-2.5.6/build/openjdk/hotspot/src/share/vm/interpreter/linkResolver.cpp:895
Event: 30,201 Thread 0x00007f7a282ed000 Threw 0x00000000f4336d00 at /build/openjdk-7-FO0dNI/openjdk-7-7u79-2.5.6/build/openjdk/hotspot/src/share/vm/interpreter/linkResolver.cpp:895
Event: 30,217 Thread 0x00007f7a280fd000 Threw 0x00000000f38a2208 at /build/openjdk-7-FO0dNI/openjdk-7-7u79-2.5.6/build/openjdk/hotspot/src/share/vm/interpreter/linkResolver.cpp:895
Event: 30,297 Thread 0x00007f7a284f5000 Threw 0x00000000f374d1e0 at /build/openjdk-7-FO0dNI/openjdk-7-7u79-2.5.6/build/openjdk/hotspot/src/share/vm/interpreter/linkResolver.cpp:895
Event: 30,438 Thread 0x00007f7a284f9800 Threw 0x00000000f39ba140 at /build/openjdk-7-FO0dNI/openjdk-7-7u79-2.5.6/build/openjdk/hotspot/src/share/vm/interpreter/linkResolver.cpp:895
Event: 30,449 Thread 0x00007f7a284ed000 Threw 0x00000000f348be18 at /build/openjdk-7-FO0dNI/openjdk-7-7u79-2.5.6/build/openjdk/hotspot/src/share/vm/interpreter/linkResolver.cpp:895
Event: 30,471 Thread 0x00007f7a284dc000 Threw 0x00000000f398fa30 at /build/openjdk-7-FO0dNI/openjdk-7-7u79-2.5.6/build/openjdk/hotspot/src/share/vm/interpreter/linkResolver.cpp:895
Event: 30,487 Thread 0x00007f7a2844b000 Threw 0x00000000f4135020 at /build/openjdk-7-FO0dNI/openjdk-7-7u79-2.5.6/build/openjdk/hotspot/src/share/vm/interpreter/linkResolver.cpp:895
Event: 30,561 Thread 0x00007f7a284a6800 Threw 0x00000000f3f4fe40 at /build/openjdk-7-FO0dNI/openjdk-7-7u79-2.5.6/build/openjdk/hotspot/src/share/vm/interpreter/linkResolver.cpp:895
Event: 30,592 Thread 0x00007f7a2818b000 Threw 0x00000000f420ab60 at /build/openjdk-7-FO0dNI/openjdk-7-7u79-2.5.6/build/openjdk/hotspot/src/share/vm/interpreter/linkResolver.cpp:895

Events (10 events):
Event: 29,892 Executing VM operation: RevokeBias done
Event: 29,892 Thread 0x00007f7a280c3000 Thread exited: 0x00007f7a280c3000
Event: 30,164 Thread 0x00007f7a280ae000 flushing nmethod 0x00007f7a250a7b90
Event: 30,304 Executing VM operation: RevokeBias
Event: 30,326 Executing VM operation: RevokeBias done
Event: 30,333 Executing VM operation: BulkRevokeBias
Event: 30,436 Executing VM operation: BulkRevokeBias done
Event: 30,533 Thread 0x00007f7a284e8800 Thread exited: 0x00007f7a284e8800
Event: 30,538 Thread 0x00007f7a28328000 Thread exited: 0x00007f7a28328000
Event: 30,576 Thread 0x00007f7a28324000 Thread exited: 0x00007f7a28324000


Dynamic libraries:
00400000-00401000 r-xp 00000000 08:01 5262995                            /usr/lib/jvm/java-7-openjdk-amd64/jre/bin/java
00600000-00601000 r--p 00000000 08:01 5262995                            /usr/lib/jvm/java-7-openjdk-amd64/jre/bin/java
00601000-00602000 rw-p 00001000 08:01 5262995                            /usr/lib/jvm/java-7-openjdk-amd64/jre/bin/java
01a32000-01a53000 rw-p 00000000 00:00 0                                  [heap]
cc000000-ce080000 rw-p 00000000 00:00 0 
ce080000-d6600000 rw-p 00000000 00:00 0 
d6600000-d8d80000 rw-p 00000000 00:00 0 
d8d80000-f2200000 rw-p 00000000 00:00 0 
f2200000-f8480000 rw-p 00000000 00:00 0 
f8480000-100000000 rw-p 00000000 00:00 0 
7f799c000000-7f799c021000 rw-p 00000000 00:00 0 
7f799c021000-7f79a0000000 ---p 00000000 00:00 0 
7f79a2eb7000-7f79a30f1000 rw-p 00000000 00:00 0 
7f79a30f1000-7f79a30f4000 ---p 00000000 00:00 0 
7f79a30f4000-7f79a31f2000 rw-p 00000000 00:00 0                          [stack:3086]
7f79a31f2000-7f79a31f5000 ---p 00000000 00:00 0 
7f79a31f5000-7f79a32f3000 rw-p 00000000 00:00 0                          [stack:3084]
7f79a32f3000-7f79a32f6000 ---p 00000000 00:00 0 
7f79a32f6000-7f79a33f4000 rw-p 00000000 00:00 0                          [stack:3083]
7f79a33f4000-7f79a33f7000 ---p 00000000 00:00 0 
7f79a33f7000-7f79a34f5000 rw-p 00000000 00:00 0                          [stack:3076]
7f79a34f5000-7f79a34f8000 ---p 00000000 00:00 0 
7f79a34f8000-7f79a35f6000 rw-p 00000000 00:00 0                          [stack:3066]
7f79a35f6000-7f79a35f9000 ---p 00000000 00:00 0 
7f79a35f9000-7f79a36f7000 rw-p 00000000 00:00 0 
7f79a36f7000-7f79a36fa000 ---p 00000000 00:00 0 
7f79a36fa000-7f79a37f8000 rw-p 00000000 00:00 0                          [stack:3057]
7f79a37f8000-7f79a37fb000 ---p 00000000 00:00 0 
7f79a37fb000-7f79a38f9000 rw-p 00000000 00:00 0                          [stack:3055]
7f79a38f9000-7f79a38fc000 ---p 00000000 00:00 0 
7f79a38fc000-7f79a39fa000 rw-p 00000000 00:00 0                          [stack:3054]
7f79a39fa000-7f79a39fd000 ---p 00000000 00:00 0 
7f79a39fd000-7f79a3afb000 rw-p 00000000 00:00 0                          [stack:3050]
7f79a3afb000-7f79a3afe000 ---p 00000000 00:00 0 
7f79a3afe000-7f79a3bfc000 rw-p 00000000 00:00 0                          [stack:3039]
7f79a3bfc000-7f79a3bff000 ---p 00000000 00:00 0 
7f79a3bff000-7f79a3cfd000 rw-p 00000000 00:00 0                          [stack:3037]
7f79a3cfd000-7f79a3d00000 ---p 00000000 00:00 0 
7f79a3d00000-7f79a3dfe000 rw-p 00000000 00:00 0                          [stack:3036]
7f79a3dfe000-7f79a3e01000 ---p 00000000 00:00 0 
7f79a3e01000-7f79a3eff000 rw-p 00000000 00:00 0                          [stack:3034]
7f79a3eff000-7f79a3f02000 ---p 00000000 00:00 0 
7f79a3f02000-7f79a4000000 rw-p 00000000 00:00 0                          [stack:3033]
7f79a4000000-7f79a4021000 rw-p 00000000 00:00 0 
7f79a4021000-7f79a8000000 ---p 00000000 00:00 0 
7f79a8000000-7f79a8021000 rw-p 00000000 00:00 0 
7f79a8021000-7f79ac000000 ---p 00000000 00:00 0 
7f79ac000000-7f79ac0e7000 rw-p 00000000 00:00 0 
7f79ac0e7000-7f79b0000000 ---p 00000000 00:00 0 
7f79b0000000-7f79b003c000 rw-p 00000000 00:00 0 
7f79b003c000-7f79b4000000 ---p 00000000 00:00 0 
7f79b4000000-7f79b4021000 rw-p 00000000 00:00 0 
7f79b4021000-7f79b8000000 ---p 00000000 00:00 0 
7f79b8000000-7f79b8056000 rw-p 00000000 00:00 0 
7f79b8056000-7f79bc000000 ---p 00000000 00:00 0 
7f79bc000000-7f79bc021000 rw-p 00000000 00:00 0 
7f79bc021000-7f79c0000000 ---p 00000000 00:00 0 
7f79c0000000-7f79c00b4000 rw-p 00000000 00:00 0 
7f79c00b4000-7f79c4000000 ---p 00000000 00:00 0 
7f79c4000000-7f79c403c000 rw-p 00000000 00:00 0 
7f79c403c000-7f79c8000000 ---p 00000000 00:00 0 
7f79c8000000-7f79c8021000 rw-p 00000000 00:00 0 
7f79c8021000-7f79cc000000 ---p 00000000 00:00 0 
7f79cc000000-7f79cc03c000 rw-p 00000000 00:00 0 
7f79cc03c000-7f79d0000000 ---p 00000000 00:00 0 
7f79d0000000-7f79d0021000 rw-p 00000000 00:00 0 
7f79d0021000-7f79d4000000 ---p 00000000 00:00 0 
7f79d4000000-7f79d404e000 rw-p 00000000 00:00 0 
7f79d404e000-7f79d8000000 ---p 00000000 00:00 0 
7f79d8000000-7f79d8021000 rw-p 00000000 00:00 0 
7f79d8021000-7f79dc000000 ---p 00000000 00:00 0 
7f79dc000000-7f79dc16e000 rw-p 00000000 00:00 0 
7f79dc16e000-7f79e0000000 ---p 00000000 00:00 0 
7f79e0000000-7f79e0021000 rw-p 00000000 00:00 0 
7f79e0021000-7f79e4000000 ---p 00000000 00:00 0 
7f79e4000000-7f79e409d000 rw-p 00000000 00:00 0 
7f79e409d000-7f79e8000000 ---p 00000000 00:00 0 
7f79e8000000-7f79e8021000 rw-p 00000000 00:00 0 
7f79e8021000-7f79ec000000 ---p 00000000 00:00 0 
7f79ec000000-7f79ec457000 rw-p 00000000 00:00 0 
7f79ec457000-7f79f0000000 ---p 00000000 00:00 0 
7f79f0000000-7f79f0021000 rw-p 00000000 00:00 0 
7f79f0021000-7f79f4000000 ---p 00000000 00:00 0 
7f79f4000000-7f79f4093000 rw-p 00000000 00:00 0 
7f79f4093000-7f79f8000000 ---p 00000000 00:00 0 
7f79f8000000-7f79f84c8000 rw-p 00000000 00:00 0 
7f79f84c8000-7f79fc000000 ---p 00000000 00:00 0 
7f79fc000000-7f79fc03a000 rw-p 00000000 00:00 0 
7f79fc03a000-7f7a00000000 ---p 00000000 00:00 0 
7f7a00000000-7f7a00021000 rw-p 00000000 00:00 0 
7f7a00021000-7f7a04000000 ---p 00000000 00:00 0 
7f7a04000000-7f7a04022000 rw-p 00000000 00:00 0 
7f7a04022000-7f7a08000000 ---p 00000000 00:00 0 
7f7a08000000-7f7a08382000 rw-p 00000000 00:00 0 
7f7a08382000-7f7a0c000000 ---p 00000000 00:00 0 
7f7a0c000000-7f7a0c030000 rw-p 00000000 00:00 0 
7f7a0c030000-7f7a10000000 ---p 00000000 00:00 0 
7f7a100c1000-7f7a100c4000 ---p 00000000 00:00 0 
7f7a100c4000-7f7a101c2000 rw-p 00000000 00:00 0                          [stack:3032]
7f7a101c2000-7f7a101c5000 ---p 00000000 00:00 0 
7f7a101c5000-7f7a102c3000 rw-p 00000000 00:00 0                          [stack:3030]
7f7a102c3000-7f7a102c6000 ---p 00000000 00:00 0 
7f7a102c6000-7f7a103c4000 rw-p 00000000 00:00 0                          [stack:3025]
7f7a103c4000-7f7a103c7000 ---p 00000000 00:00 0 
7f7a103c7000-7f7a104c5000 rw-p 00000000 00:00 0                          [stack:3016]
7f7a104c5000-7f7a104c8000 ---p 00000000 00:00 0 
7f7a104c8000-7f7a105c6000 rw-p 00000000 00:00 0                          [stack:3015]
7f7a105c6000-7f7a105c9000 ---p 00000000 00:00 0 
7f7a105c9000-7f7a106c7000 rw-p 00000000 00:00 0 
7f7a106c7000-7f7a106ca000 ---p 00000000 00:00 0 
7f7a106ca000-7f7a107c8000 rw-p 00000000 00:00 0                          [stack:3001]
7f7a107c8000-7f7a107cb000 ---p 00000000 00:00 0 
7f7a107cb000-7f7a108c9000 rw-p 00000000 00:00 0                          [stack:3000]
7f7a108c9000-7f7a108cc000 ---p 00000000 00:00 0 
7f7a108cc000-7f7a109ca000 rw-p 00000000 00:00 0                          [stack:2999]
7f7a109ca000-7f7a109cd000 ---p 00000000 00:00 0 
7f7a109cd000-7f7a10acb000 rw-p 00000000 00:00 0                          [stack:2998]
7f7a10acb000-7f7a10ace000 ---p 00000000 00:00 0 
7f7a10ace000-7f7a10bcc000 rw-p 00000000 00:00 0                          [stack:2992]
7f7a10bcc000-7f7a10bcf000 ---p 00000000 00:00 0 
7f7a10bcf000-7f7a10ccd000 rw-p 00000000 00:00 0                          [stack:2990]
7f7a10ccd000-7f7a10cd0000 ---p 00000000 00:00 0 
7f7a10cd0000-7f7a10dce000 rw-p 00000000 00:00 0 
7f7a10dce000-7f7a10dd1000 ---p 00000000 00:00 0 
7f7a10dd1000-7f7a10ecf000 rw-p 00000000 00:00 0                          [stack:2987]
7f7a10ecf000-7f7a10ed2000 ---p 00000000 00:00 0 
7f7a10ed2000-7f7a10fd0000 rw-p 00000000 00:00 0                          [stack:2986]
7f7a10fd0000-7f7a10fd3000 ---p 00000000 00:00 0 
7f7a10fd3000-7f7a110d1000 rw-p 00000000 00:00 0                          [stack:2985]
7f7a110d1000-7f7a110d4000 ---p 00000000 00:00 0 
7f7a110d4000-7f7a111d2000 rw-p 00000000 00:00 0                          [stack:2983]
7f7a111d2000-7f7a111d5000 ---p 00000000 00:00 0 
7f7a111d5000-7f7a112d3000 rw-p 00000000 00:00 0                          [stack:2979]
7f7a112d3000-7f7a112d6000 ---p 00000000 00:00 0 
7f7a112d6000-7f7a113d4000 rw-p 00000000 00:00 0                          [stack:2977]
7f7a113d4000-7f7a113d7000 ---p 00000000 00:00 0 
7f7a113d7000-7f7a114d5000 rw-p 00000000 00:00 0                          [stack:2975]
7f7a114d5000-7f7a114d8000 ---p 00000000 00:00 0 
7f7a114d8000-7f7a115d6000 rw-p 00000000 00:00 0                          [stack:2974]
7f7a115d6000-7f7a115d9000 ---p 00000000 00:00 0 
7f7a115d9000-7f7a116d7000 rw-p 00000000 00:00 0                          [stack:2972]
7f7a116d7000-7f7a116da000 ---p 00000000 00:00 0 
7f7a116da000-7f7a117d8000 rw-p 00000000 00:00 0                          [stack:2969]
7f7a117d8000-7f7a117db000 ---p 00000000 00:00 0 
7f7a117db000-7f7a118d9000 rw-p 00000000 00:00 0                          [stack:2967]
7f7a118d9000-7f7a118dc000 ---p 00000000 00:00 0 
7f7a118dc000-7f7a119da000 rw-p 00000000 00:00 0                          [stack:2966]
7f7a119da000-7f7a119dd000 ---p 00000000 00:00 0 
7f7a119dd000-7f7a11adb000 rw-p 00000000 00:00 0                          [stack:2965]
7f7a11adb000-7f7a11ade000 ---p 00000000 00:00 0 
7f7a11ade000-7f7a11bdc000 rw-p 00000000 00:00 0                          [stack:2961]
7f7a11bdc000-7f7a11bdf000 ---p 00000000 00:00 0 
7f7a11bdf000-7f7a11cdd000 rw-p 00000000 00:00 0                          [stack:2957]
7f7a11cdd000-7f7a11ce0000 ---p 00000000 00:00 0 
7f7a11ce0000-7f7a11dde000 rw-p 00000000 00:00 0                          [stack:2956]
7f7a11dde000-7f7a11de1000 ---p 00000000 00:00 0 
7f7a11de1000-7f7a11edf000 rw-p 00000000 00:00 0                          [stack:2955]
7f7a11edf000-7f7a11ee2000 ---p 00000000 00:00 0 
7f7a11ee2000-7f7a11fe0000 rw-p 00000000 00:00 0                          [stack:2954]
7f7a11fe0000-7f7a11fe3000 ---p 00000000 00:00 0 
7f7a11fe3000-7f7a120e1000 rw-p 00000000 00:00 0                          [stack:2953]
7f7a120e1000-7f7a120e4000 ---p 00000000 00:00 0 
7f7a120e4000-7f7a121e2000 rw-p 00000000 00:00 0                          [stack:2952]
7f7a121e2000-7f7a121e5000 ---p 00000000 00:00 0 
7f7a121e5000-7f7a122e3000 rw-p 00000000 00:00 0                          [stack:2951]
7f7a122e3000-7f7a122e6000 ---p 00000000 00:00 0 
7f7a122e6000-7f7a123e4000 rw-p 00000000 00:00 0                          [stack:2949]
7f7a123e4000-7f7a123e7000 ---p 00000000 00:00 0 
7f7a123e7000-7f7a124e5000 rw-p 00000000 00:00 0                          [stack:2947]
7f7a124e5000-7f7a124e8000 ---p 00000000 00:00 0 
7f7a124e8000-7f7a125e6000 rw-p 00000000 00:00 0                          [stack:2941]
7f7a125e6000-7f7a125e9000 ---p 00000000 00:00 0 
7f7a125e9000-7f7a126e7000 rw-p 00000000 00:00 0                          [stack:2939]
7f7a126e7000-7f7a126ea000 ---p 00000000 00:00 0 
7f7a126ea000-7f7a127e8000 rw-p 00000000 00:00 0                          [stack:2938]
7f7a127e8000-7f7a127eb000 ---p 00000000 00:00 0 
7f7a127eb000-7f7a128e9000 rw-p 00000000 00:00 0 
7f7a128e9000-7f7a128ec000 ---p 00000000 00:00 0 
7f7a128ec000-7f7a129ea000 rw-p 00000000 00:00 0                          [stack:2936]
7f7a129ea000-7f7a129ed000 ---p 00000000 00:00 0 
7f7a129ed000-7f7a12aeb000 rw-p 00000000 00:00 0                          [stack:2935]
7f7a12aeb000-7f7a12aee000 ---p 00000000 00:00 0 
7f7a12aee000-7f7a12bec000 rw-p 00000000 00:00 0                          [stack:2933]
7f7a12bec000-7f7a12bef000 ---p 00000000 00:00 0 
7f7a12bef000-7f7a12ced000 rw-p 00000000 00:00 0                          [stack:2932]
7f7a12ced000-7f7a12cf0000 ---p 00000000 00:00 0 
7f7a12cf0000-7f7a12dee000 rw-p 00000000 00:00 0                          [stack:2929]
7f7a12dee000-7f7a12df1000 ---p 00000000 00:00 0 
7f7a12df1000-7f7a12eef000 rw-p 00000000 00:00 0                          [stack:2919]
7f7a12eef000-7f7a12ef2000 ---p 00000000 00:00 0 
7f7a12ef2000-7f7a12ff0000 rw-p 00000000 00:00 0                          [stack:2915]
7f7a12ff0000-7f7a12ff3000 ---p 00000000 00:00 0 
7f7a12ff3000-7f7a130f1000 rw-p 00000000 00:00 0                          [stack:2908]
7f7a130f1000-7f7a130f4000 ---p 00000000 00:00 0 
7f7a130f4000-7f7a131f2000 rw-p 00000000 00:00 0                          [stack:2907]
7f7a131f2000-7f7a131f5000 ---p 00000000 00:00 0 
7f7a131f5000-7f7a132f3000 rw-p 00000000 00:00 0                          [stack:2906]
7f7a132f3000-7f7a132f6000 ---p 00000000 00:00 0 
7f7a132f6000-7f7a133f4000 rw-p 00000000 00:00 0                          [stack:2903]
7f7a133f4000-7f7a133f7000 ---p 00000000 00:00 0 
7f7a133f7000-7f7a134f5000 rw-p 00000000 00:00 0                          [stack:2898]
7f7a134f5000-7f7a134f8000 ---p 00000000 00:00 0 
7f7a134f8000-7f7a135f6000 rw-p 00000000 00:00 0                          [stack:2896]
7f7a135f6000-7f7a135f9000 ---p 00000000 00:00 0 
7f7a135f9000-7f7a136f7000 rw-p 00000000 00:00 0                          [stack:2891]
7f7a136f7000-7f7a136fa000 ---p 00000000 00:00 0 
7f7a136fa000-7f7a137f8000 rw-p 00000000 00:00 0                          [stack:2890]
7f7a137f8000-7f7a137fb000 ---p 00000000 00:00 0 
7f7a137fb000-7f7a138f9000 rw-p 00000000 00:00 0                          [stack:2888]
7f7a138f9000-7f7a138fc000 ---p 00000000 00:00 0 
7f7a138fc000-7f7a139fa000 rw-p 00000000 00:00 0                          [stack:2887]
7f7a139fa000-7f7a139fd000 ---p 00000000 00:00 0 
7f7a139fd000-7f7a13afb000 rw-p 00000000 00:00 0                          [stack:2886]
7f7a13afb000-7f7a13afe000 ---p 00000000 00:00 0 
7f7a13afe000-7f7a13bfc000 rw-p 00000000 00:00 0                          [stack:2882]
7f7a13bfc000-7f7a13bff000 ---p 00000000 00:00 0 
7f7a13bff000-7f7a13cfd000 rw-p 00000000 00:00 0                          [stack:2878]
7f7a13cfd000-7f7a13d00000 ---p 00000000 00:00 0 
7f7a13d00000-7f7a13dfe000 rw-p 00000000 00:00 0                          [stack:2877]
7f7a13dfe000-7f7a13e01000 ---p 00000000 00:00 0 
7f7a13e01000-7f7a13eff000 rw-p 00000000 00:00 0                          [stack:2875]
7f7a13eff000-7f7a13f02000 ---p 00000000 00:00 0 
7f7a13f02000-7f7a14000000 rw-p 00000000 00:00 0                          [stack:2874]
7f7a14000000-7f7a1402f000 rw-p 00000000 00:00 0 
7f7a1402f000-7f7a18000000 ---p 00000000 00:00 0 
7f7a180c1000-7f7a180c4000 ---p 00000000 00:00 0 
7f7a180c4000-7f7a181c2000 rw-p 00000000 00:00 0                          [stack:2873]
7f7a181c2000-7f7a181c5000 ---p 00000000 00:00 0 
7f7a181c5000-7f7a182c3000 rw-p 00000000 00:00 0 
7f7a182c3000-7f7a182c6000 ---p 00000000 00:00 0 
7f7a182c6000-7f7a183c4000 rw-p 00000000 00:00 0 
7f7a183c4000-7f7a183c7000 ---p 00000000 00:00 0 
7f7a183c7000-7f7a184c5000 rw-p 00000000 00:00 0 
7f7a184c5000-7f7a184c8000 ---p 00000000 00:00 0 
7f7a184c8000-7f7a185c6000 rw-p 00000000 00:00 0                          [stack:2867]
7f7a185c6000-7f7a185c9000 ---p 00000000 00:00 0 
7f7a185c9000-7f7a186c7000 rw-p 00000000 00:00 0                          [stack:2866]
7f7a186c7000-7f7a186ca000 ---p 00000000 00:00 0 
7f7a186ca000-7f7a187c8000 rw-p 00000000 00:00 0                          [stack:2865]
7f7a187c8000-7f7a187cb000 ---p 00000000 00:00 0 
7f7a187cb000-7f7a188c9000 rw-p 00000000 00:00 0                          [stack:2863]
7f7a188c9000-7f7a188cc000 ---p 00000000 00:00 0 
7f7a188cc000-7f7a189ca000 rw-p 00000000 00:00 0                          [stack:2862]
7f7a189ca000-7f7a189cd000 ---p 00000000 00:00 0 
7f7a189cd000-7f7a18acb000 rw-p 00000000 00:00 0 
7f7a18acb000-7f7a18ace000 ---p 00000000 00:00 0 
7f7a18ace000-7f7a18bcc000 rw-p 00000000 00:00 0                          [stack:2859]
7f7a18bcc000-7f7a18bcf000 ---p 00000000 00:00 0 
7f7a18bcf000-7f7a18ccd000 rw-p 00000000 00:00 0                          [stack:2858]
7f7a18ccd000-7f7a18cd0000 ---p 00000000 00:00 0 
7f7a18cd0000-7f7a18dce000 rw-p 00000000 00:00 0 
7f7a18dce000-7f7a18dd1000 ---p 00000000 00:00 0 
7f7a18dd1000-7f7a18ecf000 rw-p 00000000 00:00 0                          [stack:2856]
7f7a18ecf000-7f7a18ed2000 ---p 00000000 00:00 0 
7f7a18ed2000-7f7a18fd0000 rw-p 00000000 00:00 0                          [stack:2855]
7f7a18fd0000-7f7a18fd3000 ---p 00000000 00:00 0 
7f7a18fd3000-7f7a190d1000 rw-p 00000000 00:00 0                          [stack:2854]
7f7a190d1000-7f7a190d4000 ---p 00000000 00:00 0 
7f7a190d4000-7f7a191d2000 rw-p 00000000 00:00 0                          [stack:2853]
7f7a191d2000-7f7a191d5000 ---p 00000000 00:00 0 
7f7a191d5000-7f7a192d3000 rw-p 00000000 00:00 0                          [stack:2852]
7f7a192d3000-7f7a192d6000 ---p 00000000 00:00 0 
7f7a192d6000-7f7a193d4000 rw-p 00000000 00:00 0                          [stack:3069]
7f7a193d4000-7f7a193d7000 ---p 00000000 00:00 0 
7f7a193d7000-7f7a194d5000 rw-p 00000000 00:00 0                          [stack:2850]
7f7a194d5000-7f7a194d8000 ---p 00000000 00:00 0 
7f7a194d8000-7f7a195d6000 rw-p 00000000 00:00 0                          [stack:2806]
7f7a195d6000-7f7a195d9000 ---p 00000000 00:00 0 
7f7a195d9000-7f7a196d7000 rw-p 00000000 00:00 0                          [stack:2805]
7f7a196d7000-7f7a196da000 ---p 00000000 00:00 0 
7f7a196da000-7f7a197d8000 rw-p 00000000 00:00 0                          [stack:2804]
7f7a197d8000-7f7a197db000 ---p 00000000 00:00 0 
7f7a197db000-7f7a198d9000 rw-p 00000000 00:00 0                          [stack:2803]
7f7a198d9000-7f7a198dc000 ---p 00000000 00:00 0 
7f7a198dc000-7f7a199da000 rw-p 00000000 00:00 0                          [stack:2802]
7f7a199da000-7f7a199dd000 ---p 00000000 00:00 0 
7f7a199dd000-7f7a19adb000 rw-p 00000000 00:00 0                          [stack:2800]
7f7a19adb000-7f7a19ade000 ---p 00000000 00:00 0 
7f7a19ade000-7f7a19bdc000 rw-p 00000000 00:00 0                          [stack:2798]
7f7a19bdc000-7f7a19bdf000 ---p 00000000 00:00 0 
7f7a19bdf000-7f7a19cdd000 rw-p 00000000 00:00 0                          [stack:2799]
7f7a19cdd000-7f7a19ce0000 ---p 00000000 00:00 0 
7f7a19ce0000-7f7a19dde000 rw-p 00000000 00:00 0                          [stack:2779]
7f7a19dde000-7f7a19de1000 ---p 00000000 00:00 0 
7f7a19de1000-7f7a19edf000 rw-p 00000000 00:00 0                          [stack:2801]
7f7a19edf000-7f7a19ee2000 ---p 00000000 00:00 0 
7f7a19ee2000-7f7a19fe0000 rw-p 00000000 00:00 0                          [stack:2773]
7f7a19fe0000-7f7a19fe3000 ---p 00000000 00:00 0 
7f7a19fe3000-7f7a1a0e1000 rw-p 00000000 00:00 0                          [stack:2771]
7f7a1a0e1000-7f7a1a0e4000 ---p 00000000 00:00 0 
7f7a1a0e4000-7f7a1a1e2000 rw-p 00000000 00:00 0                          [stack:2770]
7f7a1a1e2000-7f7a1a1e5000 ---p 00000000 00:00 0 
7f7a1a1e5000-7f7a1a2e3000 rw-p 00000000 00:00 0                          [stack:2777]
7f7a1a2e3000-7f7a1a2e6000 ---p 00000000 00:00 0 
7f7a1a2e6000-7f7a1a3e4000 rw-p 00000000 00:00 0                          [stack:2763]
7f7a1a3e4000-7f7a1a3e7000 ---p 00000000 00:00 0 
7f7a1a3e7000-7f7a1a4e5000 rw-p 00000000 00:00 0                          [stack:2776]
7f7a1a4e5000-7f7a1a4e8000 ---p 00000000 00:00 0 
7f7a1a4e8000-7f7a1a5e6000 rw-p 00000000 00:00 0                          [stack:2774]
7f7a1a5e6000-7f7a1a5e9000 ---p 00000000 00:00 0 
7f7a1a5e9000-7f7a1a6e7000 rw-p 00000000 00:00 0                          [stack:2767]
7f7a1a6e7000-7f7a1a6ea000 ---p 00000000 00:00 0 
7f7a1a6ea000-7f7a1a7e8000 rw-p 00000000 00:00 0                          [stack:2753]
7f7a1a7e8000-7f7a1a7eb000 ---p 00000000 00:00 0 
7f7a1a7eb000-7f7a1a8e9000 rw-p 00000000 00:00 0                          [stack:2752]
7f7a1a8e9000-7f7a1a8ec000 ---p 00000000 00:00 0 
7f7a1a8ec000-7f7a1a9ea000 rw-p 00000000 00:00 0                          [stack:2750]
7f7a1a9ea000-7f7a1a9ed000 ---p 00000000 00:00 0 
7f7a1a9ed000-7f7a1aaeb000 rw-p 00000000 00:00 0                          [stack:2742]
7f7a1aaeb000-7f7a1aaee000 ---p 00000000 00:00 0 
7f7a1aaee000-7f7a1abec000 rw-p 00000000 00:00 0                          [stack:2741]
7f7a1abec000-7f7a1abef000 ---p 00000000 00:00 0 
7f7a1abef000-7f7a1aced000 rw-p 00000000 00:00 0                          [stack:2740]
7f7a1aced000-7f7a1acf0000 ---p 00000000 00:00 0 
7f7a1acf0000-7f7a1adee000 rw-p 00000000 00:00 0                          [stack:2734]
7f7a1adee000-7f7a1adf1000 ---p 00000000 00:00 0 
7f7a1adf1000-7f7a1aeef000 rw-p 00000000 00:00 0                          [stack:2733]
7f7a1aeef000-7f7a1aef2000 ---p 00000000 00:00 0 
7f7a1aef2000-7f7a1aff0000 rw-p 00000000 00:00 0                          [stack:2724]
7f7a1aff0000-7f7a1aff3000 ---p 00000000 00:00 0 
7f7a1aff3000-7f7a1b0f1000 rw-p 00000000 00:00 0                          [stack:2722]
7f7a1b0f1000-7f7a1b0f4000 ---p 00000000 00:00 0 
7f7a1b0f4000-7f7a1b1f2000 rw-p 00000000 00:00 0                          [stack:2719]
7f7a1b1f2000-7f7a1b1f5000 ---p 00000000 00:00 0 
7f7a1b1f5000-7f7a1b2f3000 rw-p 00000000 00:00 0                          [stack:2718]
7f7a1b2f3000-7f7a1b2f6000 ---p 00000000 00:00 0 
7f7a1b2f6000-7f7a1b3f4000 rw-p 00000000 00:00 0                          [stack:2700]
7f7a1b3f4000-7f7a1b3f7000 ---p 00000000 00:00 0 
7f7a1b3f7000-7f7a1b4f5000 rw-p 00000000 00:00 0                          [stack:2785]
7f7a1b4f5000-7f7a1b4f8000 ---p 00000000 00:00 0 
7f7a1b4f8000-7f7a1b5f6000 rw-p 00000000 00:00 0                          [stack:2697]
7f7a1b5f6000-7f7a1b5f9000 ---p 00000000 00:00 0 
7f7a1b5f9000-7f7a1b6f7000 rw-p 00000000 00:00 0                          [stack:2695]
7f7a1b6f7000-7f7a1b6fa000 ---p 00000000 00:00 0 
7f7a1b6fa000-7f7a1b7f8000 rw-p 00000000 00:00 0                          [stack:2702]
7f7a1b7f8000-7f7a1b7fb000 ---p 00000000 00:00 0 
7f7a1b7fb000-7f7a1b8f9000 rw-p 00000000 00:00 0                          [stack:2693]
7f7a1b8f9000-7f7a1b8fc000 ---p 00000000 00:00 0 
7f7a1b8fc000-7f7a1b9fa000 rw-p 00000000 00:00 0                          [stack:2692]
7f7a1b9fa000-7f7a1b9fd000 ---p 00000000 00:00 0 
7f7a1b9fd000-7f7a1bafb000 rw-p 00000000 00:00 0                          [stack:2691]
7f7a1bafb000-7f7a1bafe000 ---p 00000000 00:00 0 
7f7a1bafe000-7f7a1bbfc000 rw-p 00000000 00:00 0                          [stack:2690]
7f7a1bbfc000-7f7a1bbff000 ---p 00000000 00:00 0 
7f7a1bbff000-7f7a1bcfd000 rw-p 00000000 00:00 0                          [stack:2683]
7f7a1bcfd000-7f7a1bd00000 ---p 00000000 00:00 0 
7f7a1bd00000-7f7a1bdfe000 rw-p 00000000 00:00 0                          [stack:2689]
7f7a1bdfe000-7f7a1be01000 ---p 00000000 00:00 0 
7f7a1be01000-7f7a1beff000 rw-p 00000000 00:00 0                          [stack:2688]
7f7a1beff000-7f7a1bf02000 ---p 00000000 00:00 0 
7f7a1bf02000-7f7a1c000000 rw-p 00000000 00:00 0                          [stack:2670]
7f7a1c000000-7f7a1c027000 rw-p 00000000 00:00 0 
7f7a1c027000-7f7a20000000 ---p 00000000 00:00 0 
7f7a2002e000-7f7a2002f000 rw-p 00000000 00:00 0 
7f7a2002f000-7f7a20030000 r--s 00000000 08:01 2230879                    /home/agileman/git/HUniversal-Production-Utrecht/7.jar
7f7a20030000-7f7a20031000 rw-p 00000000 00:00 0 
7f7a20031000-7f7a20032000 r--s 00000000 08:01 2230879                    /home/agileman/git/HUniversal-Production-Utrecht/7.jar
7f7a20032000-7f7a20033000 r--s 00000000 08:01 2230879                    /home/agileman/git/HUniversal-Production-Utrecht/7.jar
7f7a20033000-7f7a2003d000 r--s 000ae000 08:01 4594012                    /usr/lib/jvm/java-7-openjdk-amd64/jre/lib/resources.jar
7f7a2003d000-7f7a20040000 ---p 00000000 00:00 0 
7f7a20040000-7f7a2013e000 rw-p 00000000 00:00 0                          [stack:2669]
7f7a2013e000-7f7a20141000 ---p 00000000 00:00 0 
7f7a20141000-7f7a2023f000 rw-p 00000000 00:00 0                          [stack:2668]
7f7a2023f000-7f7a20242000 ---p 00000000 00:00 0 
7f7a20242000-7f7a20340000 rw-p 00000000 00:00 0                          [stack:2667]
7f7a20340000-7f7a20343000 ---p 00000000 00:00 0 
7f7a20343000-7f7a20441000 rw-p 00000000 00:00 0                          [stack:2662]
7f7a20441000-7f7a20444000 ---p 00000000 00:00 0 
7f7a20444000-7f7a20542000 rw-p 00000000 00:00 0                          [stack:2655]
7f7a20542000-7f7a20545000 ---p 00000000 00:00 0 
7f7a20545000-7f7a20643000 rw-p 00000000 00:00 0                          [stack:2654]
7f7a20643000-7f7a20646000 ---p 00000000 00:00 0 
7f7a20646000-7f7a20744000 rw-p 00000000 00:00 0                          [stack:2639]
7f7a20744000-7f7a20747000 r--s 00017000 08:01 4594020                    /usr/lib/jvm/java-7-openjdk-amd64/jre/lib/jce.jar
7f7a20747000-7f7a2074a000 ---p 00000000 00:00 0 
7f7a2074a000-7f7a20848000 rw-p 00000000 00:00 0                          [stack:2620]
7f7a20848000-7f7a2084b000 ---p 00000000 00:00 0 
7f7a2084b000-7f7a20949000 rw-p 00000000 00:00 0                          [stack:2619]
7f7a20949000-7f7a2094c000 ---p 00000000 00:00 0 
7f7a2094c000-7f7a20a4a000 rw-p 00000000 00:00 0                          [stack:2613]
7f7a20a4a000-7f7a20a4f000 r--s 0004d000 08:01 4594016                    /usr/lib/jvm/java-7-openjdk-amd64/jre/lib/jsse.jar
7f7a20a4f000-7f7a20a53000 r--s 00022000 08:01 2229348                    /home/agileman/git/HUniversal-Production-Utrecht/src/REXOS/external_libraries/tyrus-websocket-core-1.2.1.jar
7f7a20a53000-7f7a20a54000 r--s 00001000 08:01 2229347                    /home/agileman/git/HUniversal-Production-Utrecht/src/REXOS/external_libraries/tyrus-spi-1.2.1.jar
7f7a20a54000-7f7a20a58000 r--s 00024000 08:01 2229346                    /home/agileman/git/HUniversal-Production-Utrecht/src/REXOS/external_libraries/tyrus-core-1.2.jar
7f7a20a58000-7f7a20a5a000 r--s 00006000 08:01 2229345                    /home/agileman/git/HUniversal-Production-Utrecht/src/REXOS/external_libraries/tyrus-container-grizzly-1.2.1.jar
7f7a20a5a000-7f7a20a5b000 r--s 00002000 08:01 2229344                    /home/agileman/git/HUniversal-Production-Utrecht/src/REXOS/external_libraries/tyrus-client-1.2.1.jar
7f7a20a5b000-7f7a20a5c000 r--s 00003000 08:01 2229343                    /home/agileman/git/HUniversal-Production-Utrecht/src/REXOS/external_libraries/std_msgs-0.5.9.jar
7f7a20a5c000-7f7a20a5f000 ---p 00000000 00:00 0 
7f7a20a5f000-7f7a20b5d000 rw-p 00000000 00:00 0                          [stack:2580]
7f7a20b5d000-7f7a20b65000 r--s 00047000 08:01 2229341                    /home/agileman/git/HUniversal-Production-Utrecht/src/REXOS/external_libraries/rosjava-0.2.1.jar
7f7a20b65000-7f7a20b66000 r--s 00000000 08:01 2229340                    /home/agileman/git/HUniversal-Production-Utrecht/src/REXOS/external_libraries/rosgraph_msgs-1.11.0.jar
7f7a20b66000-7f7a20b75000 r--s 000b4000 08:01 2229339                    /home/agileman/git/HUniversal-Production-Utrecht/src/REXOS/external_libraries/netty-3.2.3.jar
7f7a20b75000-7f7a20b78000 r--s 0001b000 08:01 2229336                    /home/agileman/git/HUniversal-Production-Utrecht/src/REXOS/external_libraries/message_generation-0.2.1.jar
7f7a20b78000-7f7a20b7e000 r--s 00036000 08:01 2229335                    /home/agileman/git/HUniversal-Production-Utrecht/src/REXOS/external_libraries/junit-4.11.jar
7f7a20b7e000-7f7a20b82000 r--s 00019000 08:01 2229334                    /home/agileman/git/HUniversal-Production-Utrecht/src/REXOS/external_libraries/jrosbridge-0.2.0.jar
7f7a20b82000-7f7a20b93000 r--s 00155000 08:01 2229333                    /home/agileman/git/HUniversal-Production-Utrecht/src/REXOS/external_libraries/jna-platform-4.1.0.jar
7f7a20b93000-7f7a20bd0000 r-xp 00000000 08:01 1577184                    /lib/x86_64-linux-gnu/libpcre.so.3.13.1
7f7a20bd0000-7f7a20dcf000 ---p 0003d000 08:01 1577184                    /lib/x86_64-linux-gnu/libpcre.so.3.13.1
7f7a20dcf000-7f7a20dd0000 r--p 0003c000 08:01 1577184                    /lib/x86_64-linux-gnu/libpcre.so.3.13.1
7f7a20dd0000-7f7a20dd1000 rw-p 0003d000 08:01 1577184                    /lib/x86_64-linux-gnu/libpcre.so.3.13.1
7f7a20dd1000-7f7a20dd8000 r-xp 00000000 08:01 4202695                    /usr/lib/x86_64-linux-gnu/libffi.so.6.0.1
7f7a20dd8000-7f7a20fd7000 ---p 00007000 08:01 4202695                    /usr/lib/x86_64-linux-gnu/libffi.so.6.0.1
7f7a20fd7000-7f7a20fd8000 r--p 00006000 08:01 4202695                    /usr/lib/x86_64-linux-gnu/libffi.so.6.0.1
7f7a20fd8000-7f7a20fd9000 rw-p 00007000 08:01 4202695                    /usr/lib/x86_64-linux-gnu/libffi.so.6.0.1
7f7a20fd9000-7f7a20ff0000 r-xp 00000000 08:01 1577207                    /lib/x86_64-linux-gnu/libresolv-2.19.so
7f7a20ff0000-7f7a211f0000 ---p 00017000 08:01 1577207                    /lib/x86_64-linux-gnu/libresolv-2.19.so
7f7a211f0000-7f7a211f1000 r--p 00017000 08:01 1577207                    /lib/x86_64-linux-gnu/libresolv-2.19.so
7f7a211f1000-7f7a211f2000 rw-p 00018000 08:01 1577207                    /lib/x86_64-linux-gnu/libresolv-2.19.so
7f7a211f2000-7f7a211f4000 rw-p 00000000 00:00 0 
7f7a211f4000-7f7a21214000 r-xp 00000000 08:01 1577211                    /lib/x86_64-linux-gnu/libselinux.so.1
7f7a21214000-7f7a21413000 ---p 00020000 08:01 1577211                    /lib/x86_64-linux-gnu/libselinux.so.1
7f7a21413000-7f7a21414000 r--p 0001f000 08:01 1577211                    /lib/x86_64-linux-gnu/libselinux.so.1
7f7a21414000-7f7a21415000 rw-p 00020000 08:01 1577211                    /lib/x86_64-linux-gnu/libselinux.so.1
7f7a21415000-7f7a21417000 rw-p 00000000 00:00 0 
7f7a21417000-7f7a2141a000 r-xp 00000000 08:01 4202808                    /usr/lib/x86_64-linux-gnu/libgmodule-2.0.so.0.4002.0
7f7a2141a000-7f7a21619000 ---p 00003000 08:01 4202808                    /usr/lib/x86_64-linux-gnu/libgmodule-2.0.so.0.4002.0
7f7a21619000-7f7a2161a000 r--p 00002000 08:01 4202808                    /usr/lib/x86_64-linux-gnu/libgmodule-2.0.so.0.4002.0
7f7a2161a000-7f7a2161b000 rw-p 00003000 08:01 4202808                    /usr/lib/x86_64-linux-gnu/libgmodule-2.0.so.0.4002.0
7f7a2161b000-7f7a21721000 r-xp 00000000 08:01 1577112                    /lib/x86_64-linux-gnu/libglib-2.0.so.0.4002.0
7f7a21721000-7f7a21920000 ---p 00106000 08:01 1577112                    /lib/x86_64-linux-gnu/libglib-2.0.so.0.4002.0
7f7a21920000-7f7a21921000 r--p 00105000 08:01 1577112                    /lib/x86_64-linux-gnu/libglib-2.0.so.0.4002.0
7f7a21921000-7f7a21922000 rw-p 00106000 08:01 1577112                    /lib/x86_64-linux-gnu/libglib-2.0.so.0.4002.0
7f7a21922000-7f7a21923000 rw-p 00000000 00:00 0 
7f7a21923000-7f7a21972000 r-xp 00000000 08:01 4202824                    /usr/lib/x86_64-linux-gnu/libgobject-2.0.so.0.4002.0
7f7a21972000-7f7a21b72000 ---p 0004f000 08:01 4202824                    /usr/lib/x86_64-linux-gnu/libgobject-2.0.so.0.4002.0
7f7a21b72000-7f7a21b73000 r--p 0004f000 08:01 4202824                    /usr/lib/x86_64-linux-gnu/libgobject-2.0.so.0.4002.0
7f7a21b73000-7f7a21b74000 rw-p 00050000 08:01 4202824                    /usr/lib/x86_64-linux-gnu/libgobject-2.0.so.0.4002.0
7f7a21b74000-7f7a21ce0000 r-xp 00000000 08:01 4202796                    /usr/lib/x86_64-linux-gnu/libgio-2.0.so.0.4002.0
7f7a21ce0000-7f7a21edf000 ---p 0016c000 08:01 4202796                    /usr/lib/x86_64-linux-gnu/libgio-2.0.so.0.4002.0
7f7a21edf000-7f7a21ee3000 r--p 0016b000 08:01 4202796                    /usr/lib/x86_64-linux-gnu/libgio-2.0.so.0.4002.0
7f7a21ee3000-7f7a21ee5000 rw-p 0016f000 08:01 4202796                    /usr/lib/x86_64-linux-gnu/libgio-2.0.so.0.4002.0
7f7a21ee5000-7f7a21ee7000 rw-p 00000000 00:00 0 
7f7a21ee7000-7f7a21efe000 r-xp 00000000 08:01 4854061                    /usr/lib/jvm/java-7-openjdk-amd64/jre/lib/amd64/libnet.so
7f7a21efe000-7f7a220fd000 ---p 00017000 08:01 4854061                    /usr/lib/jvm/java-7-openjdk-amd64/jre/lib/amd64/libnet.so
7f7a220fd000-7f7a220fe000 r--p 00016000 08:01 4854061                    /usr/lib/jvm/java-7-openjdk-amd64/jre/lib/amd64/libnet.so
7f7a220fe000-7f7a220ff000 rw-p 00017000 08:01 4854061                    /usr/lib/jvm/java-7-openjdk-amd64/jre/lib/amd64/libnet.so
7f7a220ff000-7f7a2210f000 r-xp 00000000 08:01 4854066                    /usr/lib/jvm/java-7-openjdk-amd64/jre/lib/amd64/libnio.so
7f7a2210f000-7f7a2230f000 ---p 00010000 08:01 4854066                    /usr/lib/jvm/java-7-openjdk-amd64/jre/lib/amd64/libnio.so
7f7a2230f000-7f7a22310000 r--p 00010000 08:01 4854066                    /usr/lib/jvm/java-7-openjdk-amd64/jre/lib/amd64/libnio.so
7f7a22310000-7f7a22311000 rw-p 00011000 08:01 4854066                    /usr/lib/jvm/java-7-openjdk-amd64/jre/lib/amd64/libnio.so
7f7a22311000-7f7a22312000 ---p 00000000 00:00 0 
7f7a22312000-7f7a22412000 rw-p 00000000 00:00 0                          [stack:2567]
7f7a22412000-7f7a22415000 ---p 00000000 00:00 0 
7f7a22415000-7f7a22513000 rw-p 00000000 00:00 0                          [stack:2566]
7f7a22513000-7f7a22516000 ---p 00000000 00:00 0 
7f7a22516000-7f7a22614000 rw-p 00000000 00:00 0                          [stack:2565]
7f7a22614000-7f7a22617000 ---p 00000000 00:00 0 
7f7a22617000-7f7a22715000 rw-p 00000000 00:00 0                          [stack:2564]
7f7a22715000-7f7a22718000 ---p 00000000 00:00 0 
7f7a22718000-7f7a22816000 rw-p 00000000 00:00 0                          [stack:2563]
7f7a22816000-7f7a22ef9000 r--p 00000000 08:01 4201397                    /usr/lib/locale/locale-archive
7f7a22ef9000-7f7a22efc000 ---p 00000000 00:00 0 
7f7a22efc000-7f7a22ffa000 rw-p 00000000 00:00 0                          [stack:2557]
7f7a22ffa000-7f7a22ffd000 ---p 00000000 00:00 0 
7f7a22ffd000-7f7a230fb000 rw-p 00000000 00:00 0                          [stack:2556]
7f7a230fb000-7f7a230fc000 ---p 00000000 00:00 0 
7f7a230fc000-7f7a25000000 rw-p 00000000 00:00 0                          [stack:2552]
7f7a25000000-7f7a25270000 rwxp 00000000 00:00 0 
7f7a25270000-7f7a28518000 rw-p 00000000 00:00 0 
7f7a28518000-7f7a2c000000 ---p 00000000 00:00 0 
7f7a2c000000-7f7a2c004000 r--s 000dc000 08:01 2229332                    /home/agileman/git/HUniversal-Production-Utrecht/src/REXOS/external_libraries/jna-4.1.0.jar
7f7a2c004000-7f7a2c006000 r--s 00007000 08:01 2229329                    /home/agileman/git/HUniversal-Production-Utrecht/src/REXOS/external_libraries/javax.websocket-api-1.0.jar
7f7a2c006000-7f7a2c008000 r--s 00007000 08:01 2229328                    /home/agileman/git/HUniversal-Production-Utrecht/src/REXOS/external_libraries/javax.websocket-api-1.0-rc4.jar
7f7a2c008000-7f7a2c00b000 r--s 00011000 08:01 2229327                    /home/agileman/git/HUniversal-Production-Utrecht/src/REXOS/external_libraries/javax.json-1.0.jar
7f7a2c00b000-7f7a2c036000 r--s 001fc000 08:01 2229323                    /home/agileman/git/HUniversal-Production-Utrecht/src/REXOS/external_libraries/guava-18.0.jar
7f7a2c036000-7f7a2c038000 r--s 00001000 08:01 2229322                    /home/agileman/git/HUniversal-Production-Utrecht/src/REXOS/external_libraries/grizzly-rcm-2.3.3.jar
7f7a2c038000-7f7a2c03c000 r--s 00031000 08:01 2229321                    /home/agileman/git/HUniversal-Production-Utrecht/src/REXOS/external_libraries/grizzly-http-server-2.3.5.jar
7f7a2c03c000-7f7a2c041000 r--s 00047000 08:01 2229320                    /home/agileman/git/HUniversal-Production-Utrecht/src/REXOS/external_libraries/grizzly-http-2.3.3.jar
7f7a2c041000-7f7a2c051000 r--s 000b1000 08:01 2229319                    /home/agileman/git/HUniversal-Production-Utrecht/src/REXOS/external_libraries/grizzly-framework-2.3.3.jar
7f7a2c051000-7f7a2c053000 r--s 00006000 08:01 2229318                    /home/agileman/git/HUniversal-Production-Utrecht/src/REXOS/external_libraries/fluent-hc-4.4.1.jar
7f7a2c053000-7f7a2c057000 r--s 00042000 08:01 2229317                    /home/agileman/git/HUniversal-Production-Utrecht/src/REXOS/external_libraries/dnsjava-2.1.1.jar
7f7a2c057000-7f7a2c05a000 r--s 00019000 08:01 2229316                    /home/agileman/git/HUniversal-Production-Utrecht/src/REXOS/external_libraries/commons-pool-1.6.jar
7f7a2c05a000-7f7a2c05c000 r--s 0000e000 08:01 2229315                    /home/agileman/git/HUniversal-Production-Utrecht/src/REXOS/external_libraries/commons-logging-1.2.jar
7f7a2c05c000-7f7a2c062000 r--s 00045000 08:01 2229313                    /home/agileman/git/HUniversal-Production-Utrecht/src/REXOS/external_libraries/commons-httpclient-3.1.jar
7f7a2c062000-7f7a2c064000 r--s 0000a000 08:01 2229311                    /home/agileman/git/HUniversal-Production-Utrecht/src/REXOS/external_libraries/apache_xmlrpc_server-0.2.1.jar
7f7a2c064000-7f7a2c068000 r--s 00016000 08:01 2229310                    /home/agileman/git/HUniversal-Production-Utrecht/src/REXOS/external_libraries/apache_xmlrpc_common-0.2.1.jar
7f7a2c068000-7f7a2c079000 r--s 00169000 08:01 2229331                    /home/agileman/git/HUniversal-Production-Utrecht/src/REXOS/external_libraries/jfreechart-1.0.17.jar
7f7a2c079000-7f7a2c0a4000 r--s 0026e000 08:01 2229324                    /home/agileman/git/HUniversal-Production-Utrecht/src/REXOS/external_libraries/jade.jar
7f7a2c0a4000-7f7a2c0d5000 rw-p 00000000 00:00 0 
7f7a2c0d5000-7f7a2c0d8000 r--s 0000b000 08:01 2229309                    /home/agileman/git/HUniversal-Production-Utrecht/src/REXOS/external_libraries/apache_xmlrpc_client-0.2.1.jar
7f7a2c0d8000-7f7a2c0da000 r--s 00007000 08:01 2229308                    /home/agileman/git/HUniversal-Production-Utrecht/src/REXOS/external_libraries/apache_ws_commons-1.0.2.jar
7f7a2c0da000-7f7a2c0e0000 r--s 0004a000 08:01 2229330                    /home/agileman/git/HUniversal-Production-Utrecht/src/REXOS/external_libraries/jcommon-1.0.21.jar
7f7a2c0e0000-7f7a2c0e1000 r--s 00014000 08:01 2229325                    /home/agileman/git/HUniversal-Production-Utrecht/src/REXOS/external_libraries/java-json.jar
7f7a2c0e1000-7f7a2c0e9000 r--s 000c7000 08:01 2229338                    /home/agileman/git/HUniversal-Production-Utrecht/src/REXOS/external_libraries/mysql-connector-java-5.1.24-bin.jar
7f7a2c0e9000-7f7a2c0f0000 r--s 00058000 08:01 2229337                    /home/agileman/git/HUniversal-Production-Utrecht/src/REXOS/external_libraries/mongo-2.9.3.jar
7f7a2c0f0000-7f7a2c0f3000 r--s 00015000 08:01 2229326                    /home/agileman/git/HUniversal-Production-Utrecht/src/REXOS/external_libraries/java_websocket.jar
7f7a2c0f3000-7f7a2c0f7000 r--s 00038000 08:01 2229314                    /home/agileman/git/HUniversal-Production-Utrecht/src/REXOS/external_libraries/commons-lang-2.3.jar
7f7a2c0f7000-7f7a2c0f9000 r--s 0000a000 08:01 2229312                    /home/agileman/git/HUniversal-Production-Utrecht/src/REXOS/external_libraries/commons-codec-1.3.jar
7f7a2c0f9000-7f7a2ccf2000 rw-p 00000000 00:00 0 
7f7a2ccf2000-7f7a2cea3000 r--s 01d29000 08:01 4594009                    /usr/lib/jvm/java-7-openjdk-amd64/jre/lib/rt.jar
7f7a2cea3000-7f7a2d13c000 rw-p 00000000 00:00 0 
7f7a2d13c000-7f7a2d13d000 ---p 00000000 00:00 0 
7f7a2d13d000-7f7a2d23d000 rw-p 00000000 00:00 0                          [stack:2551]
7f7a2d23d000-7f7a2d23e000 ---p 00000000 00:00 0 
7f7a2d23e000-7f7a2d33e000 rw-p 00000000 00:00 0                          [stack:2550]
7f7a2d33e000-7f7a2d33f000 ---p 00000000 00:00 0 
7f7a2d33f000-7f7a2d43f000 rw-p 00000000 00:00 0                          [stack:2549]
7f7a2d43f000-7f7a2d440000 ---p 00000000 00:00 0 
7f7a2d440000-7f7a2d551000 rw-p 00000000 00:00 0                          [stack:2548]
7f7a2d551000-7f7a2d593000 rw-p 00000000 00:00 0 
7f7a2d593000-7f7a2d5a7000 rw-p 00000000 00:00 0 
7f7a2d5a7000-7f7a2d671000 rw-p 00000000 00:00 0 
7f7a2d671000-7f7a2d682000 rw-p 00000000 00:00 0 
7f7a2d682000-7f7a2d6c4000 rw-p 00000000 00:00 0 
7f7a2d6c4000-7f7a2d6d8000 rw-p 00000000 00:00 0 
7f7a2d6d8000-7f7a2d7a2000 rw-p 00000000 00:00 0 
7f7a2d7a2000-7f7a2d7d4000 rw-p 00000000 00:00 0 
7f7a2d7d4000-7f7a2d811000 rw-p 00000000 00:00 0 
7f7a2d811000-7f7a2d812000 rw-p 00000000 00:00 0 
7f7a2d812000-7f7a2d81a000 r-xp 00000000 08:01 4852556                    /usr/lib/jvm/java-7-openjdk-amd64/jre/lib/amd64/libzip.so
7f7a2d81a000-7f7a2da19000 ---p 00008000 08:01 4852556                    /usr/lib/jvm/java-7-openjdk-amd64/jre/lib/amd64/libzip.so
7f7a2da19000-7f7a2da1a000 r--p 00007000 08:01 4852556                    /usr/lib/jvm/java-7-openjdk-amd64/jre/lib/amd64/libzip.so
7f7a2da1a000-7f7a2da1b000 rw-p 00008000 08:01 4852556                    /usr/lib/jvm/java-7-openjdk-amd64/jre/lib/amd64/libzip.so
7f7a2da1b000-7f7a2da26000 r-xp 00000000 08:01 1577156                    /lib/x86_64-linux-gnu/libnss_files-2.19.so
7f7a2da26000-7f7a2dc25000 ---p 0000b000 08:01 1577156                    /lib/x86_64-linux-gnu/libnss_files-2.19.so
7f7a2dc25000-7f7a2dc26000 r--p 0000a000 08:01 1577156                    /lib/x86_64-linux-gnu/libnss_files-2.19.so
7f7a2dc26000-7f7a2dc27000 rw-p 0000b000 08:01 1577156                    /lib/x86_64-linux-gnu/libnss_files-2.19.so
7f7a2dc27000-7f7a2dc32000 r-xp 00000000 08:01 1577166                    /lib/x86_64-linux-gnu/libnss_nis-2.19.so
7f7a2dc32000-7f7a2de31000 ---p 0000b000 08:01 1577166                    /lib/x86_64-linux-gnu/libnss_nis-2.19.so
7f7a2de31000-7f7a2de32000 r--p 0000a000 08:01 1577166                    /lib/x86_64-linux-gnu/libnss_nis-2.19.so
7f7a2de32000-7f7a2de33000 rw-p 0000b000 08:01 1577166                    /lib/x86_64-linux-gnu/libnss_nis-2.19.so
7f7a2de33000-7f7a2de4a000 r-xp 00000000 08:01 1577150                    /lib/x86_64-linux-gnu/libnsl-2.19.so
7f7a2de4a000-7f7a2e049000 ---p 00017000 08:01 1577150                    /lib/x86_64-linux-gnu/libnsl-2.19.so
7f7a2e049000-7f7a2e04a000 r--p 00016000 08:01 1577150                    /lib/x86_64-linux-gnu/libnsl-2.19.so
7f7a2e04a000-7f7a2e04b000 rw-p 00017000 08:01 1577150                    /lib/x86_64-linux-gnu/libnsl-2.19.so
7f7a2e04b000-7f7a2e04d000 rw-p 00000000 00:00 0 
7f7a2e04d000-7f7a2e056000 r-xp 00000000 08:01 1577152                    /lib/x86_64-linux-gnu/libnss_compat-2.19.so
7f7a2e056000-7f7a2e255000 ---p 00009000 08:01 1577152                    /lib/x86_64-linux-gnu/libnss_compat-2.19.so
7f7a2e255000-7f7a2e256000 r--p 00008000 08:01 1577152                    /lib/x86_64-linux-gnu/libnss_compat-2.19.so
7f7a2e256000-7f7a2e257000 rw-p 00009000 08:01 1577152                    /lib/x86_64-linux-gnu/libnss_compat-2.19.so
7f7a2e257000-7f7a2e282000 r-xp 00000000 08:01 4854069                    /usr/lib/jvm/java-7-openjdk-amd64/jre/lib/amd64/libjava.so
7f7a2e282000-7f7a2e481000 ---p 0002b000 08:01 4854069                    /usr/lib/jvm/java-7-openjdk-amd64/jre/lib/amd64/libjava.so
7f7a2e481000-7f7a2e482000 r--p 0002a000 08:01 4854069                    /usr/lib/jvm/java-7-openjdk-amd64/jre/lib/amd64/libjava.so
7f7a2e482000-7f7a2e484000 rw-p 0002b000 08:01 4854069                    /usr/lib/jvm/java-7-openjdk-amd64/jre/lib/amd64/libjava.so
7f7a2e484000-7f7a2e494000 r-xp 00000000 08:01 4854052                    /usr/lib/jvm/java-7-openjdk-amd64/jre/lib/amd64/libverify.so
7f7a2e494000-7f7a2e693000 ---p 00010000 08:01 4854052                    /usr/lib/jvm/java-7-openjdk-amd64/jre/lib/amd64/libverify.so
7f7a2e693000-7f7a2e695000 r--p 0000f000 08:01 4854052                    /usr/lib/jvm/java-7-openjdk-amd64/jre/lib/amd64/libverify.so
7f7a2e695000-7f7a2e696000 rw-p 00011000 08:01 4854052                    /usr/lib/jvm/java-7-openjdk-amd64/jre/lib/amd64/libverify.so
7f7a2e696000-7f7a2e69d000 r-xp 00000000 08:01 1577209                    /lib/x86_64-linux-gnu/librt-2.19.so
7f7a2e69d000-7f7a2e89c000 ---p 00007000 08:01 1577209                    /lib/x86_64-linux-gnu/librt-2.19.so
7f7a2e89c000-7f7a2e89d000 r--p 00006000 08:01 1577209                    /lib/x86_64-linux-gnu/librt-2.19.so
7f7a2e89d000-7f7a2e89e000 rw-p 00007000 08:01 1577209                    /lib/x86_64-linux-gnu/librt-2.19.so
7f7a2e89e000-7f7a2e8b4000 r-xp 00000000 08:01 1577108                    /lib/x86_64-linux-gnu/libgcc_s.so.1
7f7a2e8b4000-7f7a2eab3000 ---p 00016000 08:01 1577108                    /lib/x86_64-linux-gnu/libgcc_s.so.1
7f7a2eab3000-7f7a2eab4000 rw-p 00015000 08:01 1577108                    /lib/x86_64-linux-gnu/libgcc_s.so.1
7f7a2eab4000-7f7a2ebb9000 r-xp 00000000 08:01 1577131                    /lib/x86_64-linux-gnu/libm-2.19.so
7f7a2ebb9000-7f7a2edb8000 ---p 00105000 08:01 1577131                    /lib/x86_64-linux-gnu/libm-2.19.so
7f7a2edb8000-7f7a2edb9000 r--p 00104000 08:01 1577131                    /lib/x86_64-linux-gnu/libm-2.19.so
7f7a2edb9000-7f7a2edba000 rw-p 00105000 08:01 1577131                    /lib/x86_64-linux-gnu/libm-2.19.so
7f7a2edba000-7f7a2eea0000 r-xp 00000000 08:01 4203317                    /usr/lib/x86_64-linux-gnu/libstdc++.so.6.0.19
7f7a2eea0000-7f7a2f09f000 ---p 000e6000 08:01 4203317                    /usr/lib/x86_64-linux-gnu/libstdc++.so.6.0.19
7f7a2f09f000-7f7a2f0a7000 r--p 000e5000 08:01 4203317                    /usr/lib/x86_64-linux-gnu/libstdc++.so.6.0.19
7f7a2f0a7000-7f7a2f0a9000 rw-p 000ed000 08:01 4203317                    /usr/lib/x86_64-linux-gnu/libstdc++.so.6.0.19
7f7a2f0a9000-7f7a2f0be000 rw-p 00000000 00:00 0 
7f7a2f0be000-7f7a2fbd7000 r-xp 00000000 08:01 4852562                    /usr/lib/jvm/java-7-openjdk-amd64/jre/lib/amd64/server/libjvm.so
7f7a2fbd7000-7f7a2fdd7000 ---p 00b19000 08:01 4852562                    /usr/lib/jvm/java-7-openjdk-amd64/jre/lib/amd64/server/libjvm.so
7f7a2fdd7000-7f7a2fe71000 r--p 00b19000 08:01 4852562                    /usr/lib/jvm/java-7-openjdk-amd64/jre/lib/amd64/server/libjvm.so
7f7a2fe71000-7f7a2fe94000 rw-p 00bb3000 08:01 4852562                    /usr/lib/jvm/java-7-openjdk-amd64/jre/lib/amd64/server/libjvm.so
7f7a2fe94000-7f7a2fec2000 rw-p 00000000 00:00 0 
7f7a2fec2000-7f7a2feda000 r-xp 00000000 08:01 1577244                    /lib/x86_64-linux-gnu/libz.so.1.2.8
7f7a2feda000-7f7a300d9000 ---p 00018000 08:01 1577244                    /lib/x86_64-linux-gnu/libz.so.1.2.8
7f7a300d9000-7f7a300da000 r--p 00017000 08:01 1577244                    /lib/x86_64-linux-gnu/libz.so.1.2.8
7f7a300da000-7f7a300db000 rw-p 00018000 08:01 1577244                    /lib/x86_64-linux-gnu/libz.so.1.2.8
7f7a300db000-7f7a300f4000 r-xp 00000000 08:01 1577201                    /lib/x86_64-linux-gnu/libpthread-2.19.so
7f7a300f4000-7f7a302f3000 ---p 00019000 08:01 1577201                    /lib/x86_64-linux-gnu/libpthread-2.19.so
7f7a302f3000-7f7a302f4000 r--p 00018000 08:01 1577201                    /lib/x86_64-linux-gnu/libpthread-2.19.so
7f7a302f4000-7f7a302f5000 rw-p 00019000 08:01 1577201                    /lib/x86_64-linux-gnu/libpthread-2.19.so
7f7a302f5000-7f7a302f9000 rw-p 00000000 00:00 0 
7f7a302f9000-7f7a302fc000 r-xp 00000000 08:01 1577098                    /lib/x86_64-linux-gnu/libdl-2.19.so
7f7a302fc000-7f7a304fb000 ---p 00003000 08:01 1577098                    /lib/x86_64-linux-gnu/libdl-2.19.so
7f7a304fb000-7f7a304fc000 r--p 00002000 08:01 1577098                    /lib/x86_64-linux-gnu/libdl-2.19.so
7f7a304fc000-7f7a304fd000 rw-p 00003000 08:01 1577098                    /lib/x86_64-linux-gnu/libdl-2.19.so
7f7a304fd000-7f7a306b8000 r-xp 00000000 08:01 1577081                    /lib/x86_64-linux-gnu/libc-2.19.so
7f7a306b8000-7f7a308b7000 ---p 001bb000 08:01 1577081                    /lib/x86_64-linux-gnu/libc-2.19.so
7f7a308b7000-7f7a308bb000 r--p 001ba000 08:01 1577081                    /lib/x86_64-linux-gnu/libc-2.19.so
7f7a308bb000-7f7a308bd000 rw-p 001be000 08:01 1577081                    /lib/x86_64-linux-gnu/libc-2.19.so
7f7a308bd000-7f7a308c2000 rw-p 00000000 00:00 0 
7f7a308c2000-7f7a308cf000 r-xp 00000000 08:01 4852559                    /usr/lib/jvm/java-7-openjdk-amd64/jre/lib/amd64/jli/libjli.so
7f7a308cf000-7f7a30ace000 ---p 0000d000 08:01 4852559                    /usr/lib/jvm/java-7-openjdk-amd64/jre/lib/amd64/jli/libjli.so
7f7a30ace000-7f7a30acf000 r--p 0000c000 08:01 4852559                    /usr/lib/jvm/java-7-openjdk-amd64/jre/lib/amd64/jli/libjli.so
7f7a30acf000-7f7a30ad0000 rw-p 0000d000 08:01 4852559                    /usr/lib/jvm/java-7-openjdk-amd64/jre/lib/amd64/jli/libjli.so
7f7a30ad0000-7f7a30af3000 r-xp 00000000 08:01 1577057                    /lib/x86_64-linux-gnu/ld-2.19.so
7f7a30af3000-7f7a30af5000 r--s 0000c000 08:01 2098768                    /home/agileman/eclipse/plugins/org.hamcrest.core_1.3.0.v201303031735.jar
7f7a30af5000-7f7a30afb000 r--s 00036000 08:01 2099239                    /home/agileman/eclipse/plugins/org.junit_4.11.0.v201303080030/junit.jar
7f7a30afb000-7f7a30afe000 r--s 0000f000 08:01 4729225                    /usr/lib/jvm/java-7-openjdk-amd64/jre/lib/ext/icedtea-sound.jar
7f7a30afe000-7f7a30b02000 r--s 0003c000 08:01 4729224                    /usr/lib/jvm/java-7-openjdk-amd64/jre/lib/ext/sunpkcs11.jar
7f7a30b02000-7f7a30b06000 r--s 00034000 08:01 4729223                    /usr/lib/jvm/java-7-openjdk-amd64/jre/lib/ext/sunjce_provider.jar
7f7a30b06000-7f7a30b10000 rw-p 00000000 00:00 0 
7f7a30b10000-7f7a30bc6000 rw-p 00000000 00:00 0 
7f7a30bc6000-7f7a30bc9000 ---p 00000000 00:00 0 
7f7a30bc9000-7f7a30ccc000 rw-p 00000000 00:00 0                          [stack:2546]
7f7a30ccc000-7f7a30cce000 r--s 00012000 08:01 4729226                    /usr/lib/jvm/java-7-openjdk-amd64/jre/lib/ext/zipfs.jar
7f7a30cce000-7f7a30ccf000 r--s 00002000 08:01 4729222                    /usr/lib/jvm/java-7-openjdk-amd64/jre/lib/ext/dnsns.jar
7f7a30ccf000-7f7a30cd1000 r--s 00006000 08:01 4594051                    /usr/share/java/java-atk-wrapper.jar
7f7a30cd1000-7f7a30cd5000 r--s 00085000 08:01 4729221                    /usr/lib/jvm/java-7-openjdk-amd64/jre/lib/ext/localedata.jar
7f7a30cd5000-7f7a30ce6000 rw-p 00000000 00:00 0 
7f7a30ce6000-7f7a30cee000 rw-s 00000000 08:01 1311332                    /tmp/hsperfdata_agileman/2541
7f7a30cee000-7f7a30cef000 rw-p 00000000 00:00 0 
7f7a30cef000-7f7a30cf0000 ---p 00000000 00:00 0 
7f7a30cf0000-7f7a30cf2000 rw-p 00000000 00:00 0 
7f7a30cf2000-7f7a30cf3000 r--p 00022000 08:01 1577057                    /lib/x86_64-linux-gnu/ld-2.19.so
7f7a30cf3000-7f7a30cf4000 rw-p 00023000 08:01 1577057                    /lib/x86_64-linux-gnu/ld-2.19.so
7f7a30cf4000-7f7a30cf5000 rw-p 00000000 00:00 0 
7ffc6f7d4000-7ffc6f7f6000 rw-p 00000000 00:00 0                          [stack]
7ffc6f7fa000-7ffc6f7fc000 r--p 00000000 00:00 0                          [vvar]
7ffc6f7fc000-7ffc6f7fe000 r-xp 00000000 00:00 0                          [vdso]
ffffffffff600000-ffffffffff601000 r-xp 00000000 00:00 0                  [vsyscall]

VM Arguments:
jvm_args: -Dfile.encoding=UTF-8 
java_command: HAL.testerClasses.HALTesterClassStewartGough
Launcher Type: SUN_STANDARD

Environment Variables:
PATH=/usr/local/sbin:/usr/local/bin:/usr/sbin:/usr/bin:/sbin:/bin:/usr/games:/usr/local/games
SHELL=/bin/bash
DISPLAY=:0.0

Signal Handlers:
SIGSEGV: [libjvm.so+0x94bab0], sa_mask[0]=0x7ffbfeff, sa_flags=0x10000004
SIGBUS: [libjvm.so+0x94bab0], sa_mask[0]=0x7ffbfeff, sa_flags=0x10000004
SIGFPE: [libjvm.so+0x7c38b0], sa_mask[0]=0x7ffbfeff, sa_flags=0x10000004
SIGPIPE: [libjvm.so+0x7c38b0], sa_mask[0]=0x7ffbfeff, sa_flags=0x10000004
SIGXFSZ: [libjvm.so+0x7c38b0], sa_mask[0]=0x7ffbfeff, sa_flags=0x10000004
SIGILL: [libjvm.so+0x7c38b0], sa_mask[0]=0x7ffbfeff, sa_flags=0x10000004
SIGUSR1: SIG_DFL, sa_mask[0]=0x00000000, sa_flags=0x00000000
SIGUSR2: [libjvm.so+0x7c3750], sa_mask[0]=0x00000004, sa_flags=0x10000004
SIGHUP: [libjvm.so+0x7c3930], sa_mask[0]=0x7ffbfeff, sa_flags=0x10000004
SIGINT: [libjvm.so+0x7c3930], sa_mask[0]=0x7ffbfeff, sa_flags=0x10000004
SIGTERM: [libjvm.so+0x7c3930], sa_mask[0]=0x7ffbfeff, sa_flags=0x10000004
SIGQUIT: [libjvm.so+0x7c3930], sa_mask[0]=0x7ffbfeff, sa_flags=0x10000004
SIGTRAP: SIG_DFL, sa_mask[0]=0x00000000, sa_flags=0x00000000


---------------  S Y S T E M  ---------------

OS:Ubuntu 14.04 (trusty)
uname:Linux 3.19.0-25-generic #26~14.04.1-Ubuntu SMP Fri Jul 24 21:16:20 UTC 2015 x86_64
libc:glibc 2.19 NPTL 2.19 
rlimit: STACK 8192k, CORE 0k, NPROC 7918, NOFILE 4096, AS infinity
load average:18,86 7,94 6,70

/proc/meminfo:
MemTotal:        2048420 kB
MemFree:          294820 kB
MemAvailable:     719036 kB
Buffers:           50976 kB
Cached:           471492 kB
SwapCached:        77444 kB
Active:           922180 kB
Inactive:         674620 kB
Active(anon):     521760 kB
Inactive(anon):   557868 kB
Active(file):     400420 kB
Inactive(file):   116752 kB
Unevictable:          48 kB
Mlocked:              48 kB
SwapTotal:       2095100 kB
SwapFree:        1431064 kB
Dirty:               104 kB
Writeback:             0 kB
AnonPages:       1046992 kB
Mapped:           163880 kB
Shmem:              5296 kB
Slab:              69056 kB
SReclaimable:      39332 kB
SUnreclaim:        29724 kB
KernelStack:       16960 kB
PageTables:        39200 kB
NFS_Unstable:          0 kB
Bounce:                0 kB
WritebackTmp:          0 kB
CommitLimit:     3119308 kB
Committed_AS:    6720252 kB
VmallocTotal:   34359738367 kB
VmallocUsed:      271628 kB
VmallocChunk:   34359462580 kB
HardwareCorrupted:     0 kB
AnonHugePages:    430080 kB
CmaTotal:              0 kB
CmaFree:               0 kB
HugePages_Total:       0
HugePages_Free:        0
HugePages_Rsvd:        0
HugePages_Surp:        0
Hugepagesize:       2048 kB
DirectMap4k:      105984 kB
DirectMap2M:     1990656 kB


CPU:total 4 (2 cores per cpu, 2 threads per core) family 6 model 28 stepping 10, cmov, cx8, fxsr, mmx, sse, sse2, sse3, ssse3, ht, tsc

/proc/cpuinfo:
processor	: 0
vendor_id	: GenuineIntel
cpu family	: 6
model		: 28
model name	: Intel(R) Atom(TM) CPU D525   @ 1.80GHz
stepping	: 10
microcode	: 0x107
cpu MHz		: 1799.866
cache size	: 512 KB
physical id	: 0
siblings	: 4
core id		: 0
cpu cores	: 2
apicid		: 0
initial apicid	: 0
fpu		: yes
fpu_exception	: yes
cpuid level	: 10
wp		: yes
flags		: fpu vme de pse tsc msr pae mce cx8 apic sep mtrr pge mca cmov pat pse36 clflush dts acpi mmx fxsr sse sse2 ss ht tm pbe syscall nx lm constant_tsc arch_perfmon pebs bts rep_good nopl aperfmperf pni dtes64 monitor ds_cpl tm2 ssse3 cx16 xtpr pdcm movbe lahf_lm dtherm
bugs		:
bogomips	: 3599.73
clflush size	: 64
cache_alignment	: 64
address sizes	: 36 bits physical, 48 bits virtual
power management:

processor	: 1
vendor_id	: GenuineIntel
cpu family	: 6
model		: 28
model name	: Intel(R) Atom(TM) CPU D525   @ 1.80GHz
stepping	: 10
microcode	: 0x107
cpu MHz		: 1799.866
cache size	: 512 KB
physical id	: 0
siblings	: 4
core id		: 1
cpu cores	: 2
apicid		: 2
initial apicid	: 2
fpu		: yes
fpu_exception	: yes
cpuid level	: 10
wp		: yes
flags		: fpu vme de pse tsc msr pae mce cx8 apic sep mtrr pge mca cmov pat pse36 clflush dts acpi mmx fxsr sse sse2 ss ht tm pbe syscall nx lm constant_tsc arch_perfmon pebs bts nopl aperfmperf pni dtes64 monitor ds_cpl tm2 ssse3 cx16 xtpr pdcm movbe lahf_lm dtherm
bugs		:
bogomips	: 3599.73
clflush size	: 64
cache_alignment	: 64
address sizes	: 36 bits physical, 48 bits virtual
power management:

processor	: 2
vendor_id	: GenuineIntel
cpu family	: 6
model		: 28
model name	: Intel(R) Atom(TM) CPU D525   @ 1.80GHz
stepping	: 10
microcode	: 0x107
cpu MHz		: 1799.866
cache size	: 512 KB
physical id	: 0
siblings	: 4
core id		: 0
cpu cores	: 2
apicid		: 1
initial apicid	: 1
fpu		: yes
fpu_exception	: yes
cpuid level	: 10
wp		: yes
flags		: fpu vme de pse tsc msr pae mce cx8 apic sep mtrr pge mca cmov pat pse36 clflush dts acpi mmx fxsr sse sse2 ss ht tm pbe syscall nx lm constant_tsc arch_perfmon pebs bts nopl aperfmperf pni dtes64 monitor ds_cpl tm2 ssse3 cx16 xtpr pdcm movbe lahf_lm dtherm
bugs		:
bogomips	: 3599.73
clflush size	: 64
cache_alignment	: 64
address sizes	: 36 bits physical, 48 bits virtual
power management:

processor	: 3
vendor_id	: GenuineIntel
cpu family	: 6
model		: 28
model name	: Intel(R) Atom(TM) CPU D525   @ 1.80GHz
stepping	: 10
microcode	: 0x107
cpu MHz		: 1799.866
cache size	: 512 KB
physical id	: 0
siblings	: 4
core id		: 1
cpu cores	: 2
apicid		: 3
initial apicid	: 3
fpu		: yes
fpu_exception	: yes
cpuid level	: 10
wp		: yes
flags		: fpu vme de pse tsc msr pae mce cx8 apic sep mtrr pge mca cmov pat pse36 clflush dts acpi mmx fxsr sse sse2 ss ht tm pbe syscall nx lm constant_tsc arch_perfmon pebs bts nopl aperfmperf pni dtes64 monitor ds_cpl tm2 ssse3 cx16 xtpr pdcm movbe lahf_lm dtherm
bugs		:
bogomips	: 3599.73
clflush size	: 64
cache_alignment	: 64
address sizes	: 36 bits physical, 48 bits virtual
power management:



Memory: 4k page, physical 2048420k(294820k free), swap 2095100k(1431064k free)

vm_info: OpenJDK 64-Bit Server VM (24.79-b02) for linux-amd64 JRE (1.7.0_79-b14), built on Jul 24 2015 08:15:54 by "buildd" with gcc 4.8.2

time: Wed Nov 11 14:38:05 2015
elapsed time: 31 seconds

