file /home/dennis/programming/ros_workspace/HUniversal-Production-Utrecht/libraries/mongo-cxx-driver/SConstruct,line 70:
	Configure(confdir = .sconf_temp)
scons: Configure: Checking for C++ library boost_thread-mt... 
.sconf_temp/conftest_0.cpp <-
  |
  |
  |
  |int
  |main() {
  |  
  |return 0;
  |}
  |
g++ -o .sconf_temp/conftest_0.o -c -O3 -pthread -D_SCONS -DMONGO_EXPOSE_MACROS -Ibuild -Ibuild/mongo .sconf_temp/conftest_0.cpp
g++ -o .sconf_temp/conftest_0 -Wl,--as-needed -Wl,-zdefs -pthread .sconf_temp/conftest_0.o -lboost_thread-mt
scons: Configure: yes

scons: Configure: Checking for C++ library boost_filesystem-mt... 
.sconf_temp/conftest_1.cpp <-
  |
  |
  |
  |int
  |main() {
  |  
  |return 0;
  |}
  |
g++ -o .sconf_temp/conftest_1.o -c -O3 -pthread -D_SCONS -DMONGO_EXPOSE_MACROS -Ibuild -Ibuild/mongo .sconf_temp/conftest_1.cpp
g++ -o .sconf_temp/conftest_1 -Wl,--as-needed -Wl,-zdefs -pthread .sconf_temp/conftest_1.o -lboost_thread-mt -lboost_filesystem-mt
scons: Configure: yes

scons: Configure: Checking for C++ library boost_system-mt... 
.sconf_temp/conftest_2.cpp <-
  |
  |
  |
  |int
  |main() {
  |  
  |return 0;
  |}
  |
g++ -o .sconf_temp/conftest_2.o -c -O3 -pthread -D_SCONS -DMONGO_EXPOSE_MACROS -Ibuild -Ibuild/mongo .sconf_temp/conftest_2.cpp
g++ -o .sconf_temp/conftest_2 -Wl,--as-needed -Wl,-zdefs -pthread .sconf_temp/conftest_2.o -lboost_thread-mt -lboost_filesystem-mt -lboost_system-mt
scons: Configure: yes


